ARM GAS  C:\Users\Matteo\AppData\Local\Temp\ccHqMYdG.s 			page 1


   1              		.syntax unified
   2              		.cpu cortex-m3
   3              		.fpu softvfp
   4              		.eabi_attribute 20, 1
   5              		.eabi_attribute 21, 1
   6              		.eabi_attribute 23, 3
   7              		.eabi_attribute 24, 1
   8              		.eabi_attribute 25, 1
   9              		.eabi_attribute 26, 1
  10              		.eabi_attribute 30, 1
  11              		.eabi_attribute 34, 1
  12              		.eabi_attribute 18, 4
  13              		.thumb
  14              		.syntax unified
  15              		.file	"cymetadata.c"
  16              		.text
  17              	.Ltext0:
  18              		.cfi_sections	.debug_frame
  19              		.global	cy_metadata
  20              		.global	cy_meta_flashprotect
  21              		.global	cy_meta_wonvl
  22              		.global	cy_meta_custnvl
  23              		.global	cy_meta_configecc
  24              		.section	.cyconfigecc,"a",%progbits
  25              		.align	2
  26              		.type	cy_meta_configecc, %object
  27              		.size	cy_meta_configecc, 1776
  28              	cy_meta_configecc:
  29 0000 02       		.byte	2
  30 0001 52       		.byte	82
  31 0002 00       		.byte	0
  32 0003 40       		.byte	64
  33 0004 03       		.byte	3
  34 0005 64       		.byte	100
  35 0006 00       		.byte	0
  36 0007 40       		.byte	64
  37 0008 05       		.byte	5
  38 0009 65       		.byte	101
  39 000a 00       		.byte	0
  40 000b 40       		.byte	64
  41 000c 04       		.byte	4
  42 000d 03       		.byte	3
  43 000e 01       		.byte	1
  44 000f 40       		.byte	64
  45 0010 01       		.byte	1
  46 0011 05       		.byte	5
  47 0012 01       		.byte	1
  48 0013 40       		.byte	64
  49 0014 3C       		.byte	60
  50 0015 06       		.byte	6
  51 0016 01       		.byte	1
  52 0017 40       		.byte	64
  53 0018 1C       		.byte	28
  54 0019 07       		.byte	7
  55 001a 01       		.byte	1
  56 001b 40       		.byte	64
  57 001c 56       		.byte	86
ARM GAS  C:\Users\Matteo\AppData\Local\Temp\ccHqMYdG.s 			page 2


  58 001d 08       		.byte	8
  59 001e 01       		.byte	1
  60 001f 40       		.byte	64
  61 0020 32       		.byte	50
  62 0021 09       		.byte	9
  63 0022 01       		.byte	1
  64 0023 40       		.byte	64
  65 0024 02       		.byte	2
  66 0025 0D       		.byte	13
  67 0026 01       		.byte	1
  68 0027 40       		.byte	64
  69 0028 05       		.byte	5
  70 0029 15       		.byte	21
  71 002a 01       		.byte	1
  72 002b 40       		.byte	64
  73 002c 4B       		.byte	75
  74 002d 16       		.byte	22
  75 002e 01       		.byte	1
  76 002f 40       		.byte	64
  77 0030 30       		.byte	48
  78 0031 17       		.byte	23
  79 0032 01       		.byte	1
  80 0033 40       		.byte	64
  81 0034 09       		.byte	9
  82 0035 18       		.byte	24
  83 0036 01       		.byte	1
  84 0037 40       		.byte	64
  85 0038 40       		.byte	64
  86 0039 19       		.byte	25
  87 003a 01       		.byte	1
  88 003b 40       		.byte	64
  89 003c 6F       		.byte	111
  90 003d 1A       		.byte	26
  91 003e 01       		.byte	1
  92 003f 40       		.byte	64
  93 0040 47       		.byte	71
  94 0041 1B       		.byte	27
  95 0042 01       		.byte	1
  96 0043 40       		.byte	64
  97 0044 06       		.byte	6
  98 0045 40       		.byte	64
  99 0046 01       		.byte	1
 100 0047 40       		.byte	64
 101 0048 0C       		.byte	12
 102 0049 41       		.byte	65
 103 004a 01       		.byte	1
 104 004b 40       		.byte	64
 105 004c 06       		.byte	6
 106 004d 42       		.byte	66
 107 004e 01       		.byte	1
 108 004f 40       		.byte	64
 109 0050 09       		.byte	9
 110 0051 43       		.byte	67
 111 0052 01       		.byte	1
 112 0053 40       		.byte	64
 113 0054 05       		.byte	5
 114 0055 44       		.byte	68
ARM GAS  C:\Users\Matteo\AppData\Local\Temp\ccHqMYdG.s 			page 3


 115 0056 01       		.byte	1
 116 0057 40       		.byte	64
 117 0058 03       		.byte	3
 118 0059 45       		.byte	69
 119 005a 01       		.byte	1
 120 005b 40       		.byte	64
 121 005c 03       		.byte	3
 122 005d 46       		.byte	70
 123 005e 01       		.byte	1
 124 005f 40       		.byte	64
 125 0060 02       		.byte	2
 126 0061 47       		.byte	71
 127 0062 01       		.byte	1
 128 0063 40       		.byte	64
 129 0064 10       		.byte	16
 130 0065 48       		.byte	72
 131 0066 01       		.byte	1
 132 0067 40       		.byte	64
 133 0068 12       		.byte	18
 134 0069 49       		.byte	73
 135 006a 01       		.byte	1
 136 006b 40       		.byte	64
 137 006c 0B       		.byte	11
 138 006d 4C       		.byte	76
 139 006e 01       		.byte	1
 140 006f 40       		.byte	64
 141 0070 0D       		.byte	13
 142 0071 4D       		.byte	77
 143 0072 01       		.byte	1
 144 0073 40       		.byte	64
 145 0074 06       		.byte	6
 146 0075 50       		.byte	80
 147 0076 01       		.byte	1
 148 0077 40       		.byte	64
 149 0078 03       		.byte	3
 150 0079 51       		.byte	81
 151 007a 01       		.byte	1
 152 007b 40       		.byte	64
 153 007c 00       		.byte	0
 154 007d 02       		.byte	2
 155 007e 79       		.byte	121
 156 007f 08       		.byte	8
 157 0080 87       		.byte	-121
 158 0081 0D       		.byte	13
 159 0082 88       		.byte	-120
 160 0083 0D       		.byte	13
 161 0084 89       		.byte	-119
 162 0085 0D       		.byte	13
 163 0086 86       		.byte	-122
 164 0087 0D       		.byte	13
 165 0088 87       		.byte	-121
 166 0089 0D       		.byte	13
 167 008a 88       		.byte	-120
 168 008b 38       		.byte	56
 169 008c 89       		.byte	-119
 170 008d 72       		.byte	114
 171 008e 8A       		.byte	-118
ARM GAS  C:\Users\Matteo\AppData\Local\Temp\ccHqMYdG.s 			page 4


 172 008f 0F       		.byte	15
 173 0090 8B       		.byte	-117
 174 0091 10       		.byte	16
 175 0092 E6       		.byte	-26
 176 0093 80       		.byte	-128
 177 0094 EA       		.byte	-22
 178 0095 01       		.byte	1
 179 0096 EE       		.byte	-18
 180 0097 02       		.byte	2
 181 0098 97       		.byte	-105
 182 0099 10       		.byte	16
 183 009a 23       		.byte	35
 184 009b 01       		.byte	1
 185 009c 2F       		.byte	47
 186 009d 01       		.byte	1
 187 009e 31       		.byte	49
 188 009f 01       		.byte	1
 189 00a0 40       		.byte	64
 190 00a1 41       		.byte	65
 191 00a2 49       		.byte	73
 192 00a3 FF       		.byte	-1
 193 00a4 4A       		.byte	74
 194 00a5 FF       		.byte	-1
 195 00a6 4B       		.byte	75
 196 00a7 FF       		.byte	-1
 197 00a8 4F       		.byte	79
 198 00a9 01       		.byte	1
 199 00aa 50       		.byte	80
 200 00ab 18       		.byte	24
 201 00ac 52       		.byte	82
 202 00ad 80       		.byte	-128
 203 00ae 59       		.byte	89
 204 00af 04       		.byte	4
 205 00b0 5A       		.byte	90
 206 00b1 04       		.byte	4
 207 00b2 5B       		.byte	91
 208 00b3 04       		.byte	4
 209 00b4 5C       		.byte	92
 210 00b5 40       		.byte	64
 211 00b6 5D       		.byte	93
 212 00b7 44       		.byte	68
 213 00b8 5F       		.byte	95
 214 00b9 01       		.byte	1
 215 00ba 60       		.byte	96
 216 00bb 40       		.byte	64
 217 00bc 62       		.byte	98
 218 00bd 40       		.byte	64
 219 00be 64       		.byte	100
 220 00bf 40       		.byte	64
 221 00c0 65       		.byte	101
 222 00c1 40       		.byte	64
 223 00c2 66       		.byte	102
 224 00c3 80       		.byte	-128
 225 00c4 68       		.byte	104
 226 00c5 80       		.byte	-128
 227 00c6 6A       		.byte	106
 228 00c7 80       		.byte	-128
ARM GAS  C:\Users\Matteo\AppData\Local\Temp\ccHqMYdG.s 			page 5


 229 00c8 6C       		.byte	108
 230 00c9 80       		.byte	-128
 231 00ca 6E       		.byte	110
 232 00cb 80       		.byte	-128
 233 00cc 82       		.byte	-126
 234 00cd 01       		.byte	1
 235 00ce 8F       		.byte	-113
 236 00cf 01       		.byte	1
 237 00d0 9B       		.byte	-101
 238 00d1 01       		.byte	1
 239 00d2 9E       		.byte	-98
 240 00d3 01       		.byte	1
 241 00d4 B3       		.byte	-77
 242 00d5 01       		.byte	1
 243 00d6 B6       		.byte	-74
 244 00d7 01       		.byte	1
 245 00d8 BE       		.byte	-66
 246 00d9 40       		.byte	64
 247 00da C0       		.byte	-64
 248 00db 41       		.byte	65
 249 00dc C5       		.byte	-59
 250 00dd EC       		.byte	-20
 251 00de C6       		.byte	-58
 252 00df 02       		.byte	2
 253 00e0 C8       		.byte	-56
 254 00e1 07       		.byte	7
 255 00e2 C9       		.byte	-55
 256 00e3 FF       		.byte	-1
 257 00e4 CA       		.byte	-54
 258 00e5 FF       		.byte	-1
 259 00e6 CB       		.byte	-53
 260 00e7 FF       		.byte	-1
 261 00e8 CD       		.byte	-51
 262 00e9 83       		.byte	-125
 263 00ea CE       		.byte	-50
 264 00eb 03       		.byte	3
 265 00ec CF       		.byte	-49
 266 00ed 01       		.byte	1
 267 00ee D0       		.byte	-48
 268 00ef 18       		.byte	24
 269 00f0 D4       		.byte	-44
 270 00f1 01       		.byte	1
 271 00f2 D8       		.byte	-40
 272 00f3 04       		.byte	4
 273 00f4 D9       		.byte	-39
 274 00f5 04       		.byte	4
 275 00f6 DA       		.byte	-38
 276 00f7 04       		.byte	4
 277 00f8 DB       		.byte	-37
 278 00f9 04       		.byte	4
 279 00fa DC       		.byte	-36
 280 00fb 30       		.byte	48
 281 00fc DD       		.byte	-35
 282 00fd 44       		.byte	68
 283 00fe DF       		.byte	-33
 284 00ff 01       		.byte	1
 285 0100 E0       		.byte	-32
ARM GAS  C:\Users\Matteo\AppData\Local\Temp\ccHqMYdG.s 			page 6


 286 0101 40       		.byte	64
 287 0102 E2       		.byte	-30
 288 0103 40       		.byte	64
 289 0104 E4       		.byte	-28
 290 0105 40       		.byte	64
 291 0106 E5       		.byte	-27
 292 0107 40       		.byte	64
 293 0108 E6       		.byte	-26
 294 0109 80       		.byte	-128
 295 010a E8       		.byte	-24
 296 010b 80       		.byte	-128
 297 010c EA       		.byte	-22
 298 010d 80       		.byte	-128
 299 010e EC       		.byte	-20
 300 010f 80       		.byte	-128
 301 0110 EE       		.byte	-18
 302 0111 80       		.byte	-128
 303 0112 02       		.byte	2
 304 0113 40       		.byte	64
 305 0114 09       		.byte	9
 306 0115 80       		.byte	-128
 307 0116 19       		.byte	25
 308 0117 40       		.byte	64
 309 0118 23       		.byte	35
 310 0119 10       		.byte	16
 311 011a 27       		.byte	39
 312 011b 40       		.byte	64
 313 011c 2E       		.byte	46
 314 011d 80       		.byte	-128
 315 011e 2F       		.byte	47
 316 011f 80       		.byte	-128
 317 0120 32       		.byte	50
 318 0121 20       		.byte	32
 319 0122 39       		.byte	57
 320 0123 80       		.byte	-128
 321 0124 41       		.byte	65
 322 0125 80       		.byte	-128
 323 0126 42       		.byte	66
 324 0127 80       		.byte	-128
 325 0128 45       		.byte	69
 326 0129 80       		.byte	-128
 327 012a 46       		.byte	70
 328 012b 40       		.byte	64
 329 012c 49       		.byte	73
 330 012d 05       		.byte	5
 331 012e 51       		.byte	81
 332 012f 80       		.byte	-128
 333 0130 53       		.byte	83
 334 0131 80       		.byte	-128
 335 0132 59       		.byte	89
 336 0133 45       		.byte	69
 337 0134 76       		.byte	118
 338 0135 C0       		.byte	-64
 339 0136 97       		.byte	-105
 340 0137 10       		.byte	16
 341 0138 C0       		.byte	-64
 342 0139 08       		.byte	8
ARM GAS  C:\Users\Matteo\AppData\Local\Temp\ccHqMYdG.s 			page 7


 343 013a C2       		.byte	-62
 344 013b 01       		.byte	1
 345 013c CA       		.byte	-54
 346 013d 90       		.byte	-112
 347 013e CC       		.byte	-52
 348 013f 04       		.byte	4
 349 0140 CE       		.byte	-50
 350 0141 08       		.byte	8
 351 0142 D0       		.byte	-48
 352 0143 99       		.byte	-103
 353 0144 D6       		.byte	-42
 354 0145 0B       		.byte	11
 355 0146 E2       		.byte	-30
 356 0147 02       		.byte	2
 357 0148 E8       		.byte	-24
 358 0149 04       		.byte	4
 359 014a 0E       		.byte	14
 360 014b 02       		.byte	2
 361 014c 12       		.byte	18
 362 014d 01       		.byte	1
 363 014e 1E       		.byte	30
 364 014f 02       		.byte	2
 365 0150 2E       		.byte	46
 366 0151 01       		.byte	1
 367 0152 30       		.byte	48
 368 0153 01       		.byte	1
 369 0154 32       		.byte	50
 370 0155 02       		.byte	2
 371 0156 36       		.byte	54
 372 0157 01       		.byte	1
 373 0158 3E       		.byte	62
 374 0159 05       		.byte	5
 375 015a 40       		.byte	64
 376 015b 45       		.byte	69
 377 015c 45       		.byte	69
 378 015d EC       		.byte	-20
 379 015e 46       		.byte	70
 380 015f 02       		.byte	2
 381 0160 48       		.byte	72
 382 0161 07       		.byte	7
 383 0162 49       		.byte	73
 384 0163 FF       		.byte	-1
 385 0164 4A       		.byte	74
 386 0165 FF       		.byte	-1
 387 0166 4B       		.byte	75
 388 0167 FF       		.byte	-1
 389 0168 4F       		.byte	79
 390 0169 01       		.byte	1
 391 016a 50       		.byte	80
 392 016b 18       		.byte	24
 393 016c 52       		.byte	82
 394 016d 80       		.byte	-128
 395 016e 54       		.byte	84
 396 016f 01       		.byte	1
 397 0170 58       		.byte	88
 398 0171 04       		.byte	4
 399 0172 5A       		.byte	90
ARM GAS  C:\Users\Matteo\AppData\Local\Temp\ccHqMYdG.s 			page 8


 400 0173 04       		.byte	4
 401 0174 5B       		.byte	91
 402 0175 04       		.byte	4
 403 0176 5C       		.byte	92
 404 0177 06       		.byte	6
 405 0178 5D       		.byte	93
 406 0179 66       		.byte	102
 407 017a 5F       		.byte	95
 408 017b 01       		.byte	1
 409 017c 60       		.byte	96
 410 017d 40       		.byte	64
 411 017e 62       		.byte	98
 412 017f 40       		.byte	64
 413 0180 64       		.byte	100
 414 0181 40       		.byte	64
 415 0182 65       		.byte	101
 416 0183 40       		.byte	64
 417 0184 66       		.byte	102
 418 0185 80       		.byte	-128
 419 0186 68       		.byte	104
 420 0187 80       		.byte	-128
 421 0188 6A       		.byte	106
 422 0189 80       		.byte	-128
 423 018a 6C       		.byte	108
 424 018b 80       		.byte	-128
 425 018c 6E       		.byte	110
 426 018d 80       		.byte	-128
 427 018e 85       		.byte	-123
 428 018f 08       		.byte	8
 429 0190 8A       		.byte	-118
 430 0191 04       		.byte	4
 431 0192 8B       		.byte	-117
 432 0193 0E       		.byte	14
 433 0194 8E       		.byte	-114
 434 0195 01       		.byte	1
 435 0196 8F       		.byte	-113
 436 0197 01       		.byte	1
 437 0198 90       		.byte	-112
 438 0199 01       		.byte	1
 439 019a 96       		.byte	-106
 440 019b 01       		.byte	1
 441 019c 9A       		.byte	-102
 442 019d 02       		.byte	2
 443 019e 9B       		.byte	-101
 444 019f 02       		.byte	2
 445 01a0 A0       		.byte	-96
 446 01a1 01       		.byte	1
 447 01a2 A6       		.byte	-90
 448 01a3 04       		.byte	4
 449 01a4 AA       		.byte	-86
 450 01a5 02       		.byte	2
 451 01a6 B0       		.byte	-80
 452 01a7 04       		.byte	4
 453 01a8 B1       		.byte	-79
 454 01a9 02       		.byte	2
 455 01aa B2       		.byte	-78
 456 01ab 02       		.byte	2
ARM GAS  C:\Users\Matteo\AppData\Local\Temp\ccHqMYdG.s 			page 9


 457 01ac B3       		.byte	-77
 458 01ad 04       		.byte	4
 459 01ae B5       		.byte	-75
 460 01af 01       		.byte	1
 461 01b0 B6       		.byte	-74
 462 01b1 01       		.byte	1
 463 01b2 B7       		.byte	-73
 464 01b3 08       		.byte	8
 465 01b4 B8       		.byte	-72
 466 01b5 80       		.byte	-128
 467 01b6 BA       		.byte	-70
 468 01b7 20       		.byte	32
 469 01b8 BE       		.byte	-66
 470 01b9 05       		.byte	5
 471 01ba C0       		.byte	-64
 472 01bb 20       		.byte	32
 473 01bc C1       		.byte	-63
 474 01bd 06       		.byte	6
 475 01be C5       		.byte	-59
 476 01bf D0       		.byte	-48
 477 01c0 C6       		.byte	-58
 478 01c1 10       		.byte	16
 479 01c2 C7       		.byte	-57
 480 01c3 02       		.byte	2
 481 01c4 C8       		.byte	-56
 482 01c5 1A       		.byte	26
 483 01c6 C9       		.byte	-55
 484 01c7 FF       		.byte	-1
 485 01c8 CA       		.byte	-54
 486 01c9 FF       		.byte	-1
 487 01ca CB       		.byte	-53
 488 01cb FF       		.byte	-1
 489 01cc CD       		.byte	-51
 490 01cd A0       		.byte	-96
 491 01ce CF       		.byte	-49
 492 01cf 04       		.byte	4
 493 01d0 D0       		.byte	-48
 494 01d1 18       		.byte	24
 495 01d2 D2       		.byte	-46
 496 01d3 80       		.byte	-128
 497 01d4 D4       		.byte	-44
 498 01d5 05       		.byte	5
 499 01d6 D8       		.byte	-40
 500 01d7 04       		.byte	4
 501 01d8 D9       		.byte	-39
 502 01d9 04       		.byte	4
 503 01da DA       		.byte	-38
 504 01db 04       		.byte	4
 505 01dc DB       		.byte	-37
 506 01dd 04       		.byte	4
 507 01de DC       		.byte	-36
 508 01df 12       		.byte	18
 509 01e0 DD       		.byte	-35
 510 01e1 11       		.byte	17
 511 01e2 DF       		.byte	-33
 512 01e3 01       		.byte	1
 513 01e4 E0       		.byte	-32
ARM GAS  C:\Users\Matteo\AppData\Local\Temp\ccHqMYdG.s 			page 10


 514 01e5 40       		.byte	64
 515 01e6 E2       		.byte	-30
 516 01e7 C0       		.byte	-64
 517 01e8 E4       		.byte	-28
 518 01e9 40       		.byte	64
 519 01ea E5       		.byte	-27
 520 01eb 40       		.byte	64
 521 01ec E6       		.byte	-26
 522 01ed C0       		.byte	-64
 523 01ee E8       		.byte	-24
 524 01ef C0       		.byte	-64
 525 01f0 EA       		.byte	-22
 526 01f1 C0       		.byte	-64
 527 01f2 EC       		.byte	-20
 528 01f3 C0       		.byte	-64
 529 01f4 EE       		.byte	-18
 530 01f5 C0       		.byte	-64
 531 01f6 00       		.byte	0
 532 01f7 40       		.byte	64
 533 01f8 02       		.byte	2
 534 01f9 08       		.byte	8
 535 01fa 04       		.byte	4
 536 01fb 80       		.byte	-128
 537 01fc 09       		.byte	9
 538 01fd 20       		.byte	32
 539 01fe 0A       		.byte	10
 540 01ff 50       		.byte	80
 541 0200 0E       		.byte	14
 542 0201 01       		.byte	1
 543 0202 0F       		.byte	15
 544 0203 80       		.byte	-128
 545 0204 10       		.byte	16
 546 0205 08       		.byte	8
 547 0206 11       		.byte	17
 548 0207 02       		.byte	2
 549 0208 12       		.byte	18
 550 0209 20       		.byte	32
 551 020a 17       		.byte	23
 552 020b 80       		.byte	-128
 553 020c 18       		.byte	24
 554 020d 04       		.byte	4
 555 020e 19       		.byte	25
 556 020f 04       		.byte	4
 557 0210 1A       		.byte	26
 558 0211 01       		.byte	1
 559 0212 1B       		.byte	27
 560 0213 02       		.byte	2
 561 0214 1E       		.byte	30
 562 0215 80       		.byte	-128
 563 0216 1F       		.byte	31
 564 0217 44       		.byte	68
 565 0218 21       		.byte	33
 566 0219 24       		.byte	36
 567 021a 22       		.byte	34
 568 021b 42       		.byte	66
 569 021c 2F       		.byte	47
 570 021d 03       		.byte	3
ARM GAS  C:\Users\Matteo\AppData\Local\Temp\ccHqMYdG.s 			page 11


 571 021e 31       		.byte	49
 572 021f 20       		.byte	32
 573 0220 38       		.byte	56
 574 0221 20       		.byte	32
 575 0222 39       		.byte	57
 576 0223 08       		.byte	8
 577 0224 3B       		.byte	59
 578 0225 40       		.byte	64
 579 0226 41       		.byte	65
 580 0227 20       		.byte	32
 581 0228 46       		.byte	70
 582 0229 80       		.byte	-128
 583 022a 48       		.byte	72
 584 022b 08       		.byte	8
 585 022c 49       		.byte	73
 586 022d 01       		.byte	1
 587 022e 4D       		.byte	77
 588 022f 04       		.byte	4
 589 0230 4F       		.byte	79
 590 0231 81       		.byte	-127
 591 0232 50       		.byte	80
 592 0233 18       		.byte	24
 593 0234 57       		.byte	87
 594 0235 40       		.byte	64
 595 0236 59       		.byte	89
 596 0237 05       		.byte	5
 597 0238 5A       		.byte	90
 598 0239 80       		.byte	-128
 599 023a 5D       		.byte	93
 600 023b 04       		.byte	4
 601 023c 5E       		.byte	94
 602 023d 80       		.byte	-128
 603 023e 5F       		.byte	95
 604 023f 01       		.byte	1
 605 0240 73       		.byte	115
 606 0241 40       		.byte	64
 607 0242 76       		.byte	118
 608 0243 80       		.byte	-128
 609 0244 77       		.byte	119
 610 0245 80       		.byte	-128
 611 0246 86       		.byte	-122
 612 0247 02       		.byte	2
 613 0248 C0       		.byte	-64
 614 0249 83       		.byte	-125
 615 024a C2       		.byte	-62
 616 024b 9E       		.byte	-98
 617 024c C4       		.byte	-60
 618 024d 8E       		.byte	-114
 619 024e CC       		.byte	-52
 620 024f 04       		.byte	4
 621 0250 CE       		.byte	-50
 622 0251 0E       		.byte	14
 623 0252 D0       		.byte	-48
 624 0253 84       		.byte	-124
 625 0254 D2       		.byte	-46
 626 0255 14       		.byte	20
 627 0256 D6       		.byte	-42
ARM GAS  C:\Users\Matteo\AppData\Local\Temp\ccHqMYdG.s 			page 12


 628 0257 DB       		.byte	-37
 629 0258 E8       		.byte	-24
 630 0259 04       		.byte	4
 631 025a EA       		.byte	-22
 632 025b 01       		.byte	1
 633 025c EE       		.byte	-18
 634 025d 02       		.byte	2
 635 025e AF       		.byte	-81
 636 025f 20       		.byte	32
 637 0260 E0       		.byte	-32
 638 0261 08       		.byte	8
 639 0262 E4       		.byte	-28
 640 0263 01       		.byte	1
 641 0264 EA       		.byte	-22
 642 0265 01       		.byte	1
 643 0266 EE       		.byte	-18
 644 0267 08       		.byte	8
 645 0268 03       		.byte	3
 646 0269 01       		.byte	1
 647 026a 0E       		.byte	14
 648 026b 01       		.byte	1
 649 026c 23       		.byte	35
 650 026d 01       		.byte	1
 651 026e 2E       		.byte	46
 652 026f 01       		.byte	1
 653 0270 30       		.byte	48
 654 0271 01       		.byte	1
 655 0272 33       		.byte	51
 656 0273 01       		.byte	1
 657 0274 3E       		.byte	62
 658 0275 01       		.byte	1
 659 0276 40       		.byte	64
 660 0277 41       		.byte	65
 661 0278 45       		.byte	69
 662 0279 EC       		.byte	-20
 663 027a 47       		.byte	71
 664 027b 20       		.byte	32
 665 027c 48       		.byte	72
 666 027d 23       		.byte	35
 667 027e 49       		.byte	73
 668 027f FF       		.byte	-1
 669 0280 4A       		.byte	74
 670 0281 FF       		.byte	-1
 671 0282 4B       		.byte	75
 672 0283 FF       		.byte	-1
 673 0284 4F       		.byte	79
 674 0285 01       		.byte	1
 675 0286 50       		.byte	80
 676 0287 18       		.byte	24
 677 0288 52       		.byte	82
 678 0289 80       		.byte	-128
 679 028a 54       		.byte	84
 680 028b 01       		.byte	1
 681 028c 58       		.byte	88
 682 028d 04       		.byte	4
 683 028e 59       		.byte	89
 684 028f 04       		.byte	4
ARM GAS  C:\Users\Matteo\AppData\Local\Temp\ccHqMYdG.s 			page 13


 685 0290 5A       		.byte	90
 686 0291 04       		.byte	4
 687 0292 5B       		.byte	91
 688 0293 04       		.byte	4
 689 0294 5C       		.byte	92
 690 0295 50       		.byte	80
 691 0296 5D       		.byte	93
 692 0297 55       		.byte	85
 693 0298 5F       		.byte	95
 694 0299 01       		.byte	1
 695 029a 60       		.byte	96
 696 029b 40       		.byte	64
 697 029c 62       		.byte	98
 698 029d 40       		.byte	64
 699 029e 64       		.byte	100
 700 029f 40       		.byte	64
 701 02a0 65       		.byte	101
 702 02a1 40       		.byte	64
 703 02a2 66       		.byte	102
 704 02a3 80       		.byte	-128
 705 02a4 68       		.byte	104
 706 02a5 80       		.byte	-128
 707 02a6 6A       		.byte	106
 708 02a7 80       		.byte	-128
 709 02a8 6C       		.byte	108
 710 02a9 80       		.byte	-128
 711 02aa 6E       		.byte	110
 712 02ab 80       		.byte	-128
 713 02ac 82       		.byte	-126
 714 02ad 01       		.byte	1
 715 02ae 86       		.byte	-122
 716 02af 02       		.byte	2
 717 02b0 8F       		.byte	-113
 718 02b1 01       		.byte	1
 719 02b2 96       		.byte	-106
 720 02b3 02       		.byte	2
 721 02b4 A3       		.byte	-93
 722 02b5 02       		.byte	2
 723 02b6 AD       		.byte	-83
 724 02b7 02       		.byte	2
 725 02b8 B0       		.byte	-80
 726 02b9 01       		.byte	1
 727 02ba B4       		.byte	-76
 728 02bb 02       		.byte	2
 729 02bc B5       		.byte	-75
 730 02bd 01       		.byte	1
 731 02be B7       		.byte	-73
 732 02bf 02       		.byte	2
 733 02c0 B8       		.byte	-72
 734 02c1 80       		.byte	-128
 735 02c2 BE       		.byte	-66
 736 02c3 50       		.byte	80
 737 02c4 C0       		.byte	-64
 738 02c5 20       		.byte	32
 739 02c6 C1       		.byte	-63
 740 02c7 06       		.byte	6
 741 02c8 C5       		.byte	-59
ARM GAS  C:\Users\Matteo\AppData\Local\Temp\ccHqMYdG.s 			page 14


 742 02c9 D0       		.byte	-48
 743 02ca C6       		.byte	-58
 744 02cb 21       		.byte	33
 745 02cc C8       		.byte	-56
 746 02cd 0E       		.byte	14
 747 02ce C9       		.byte	-55
 748 02cf FF       		.byte	-1
 749 02d0 CA       		.byte	-54
 750 02d1 FF       		.byte	-1
 751 02d2 CB       		.byte	-53
 752 02d3 FF       		.byte	-1
 753 02d4 CD       		.byte	-51
 754 02d5 A0       		.byte	-96
 755 02d6 CF       		.byte	-49
 756 02d7 04       		.byte	4
 757 02d8 D0       		.byte	-48
 758 02d9 18       		.byte	24
 759 02da D2       		.byte	-46
 760 02db 80       		.byte	-128
 761 02dc D4       		.byte	-44
 762 02dd 05       		.byte	5
 763 02de D8       		.byte	-40
 764 02df 04       		.byte	4
 765 02e0 D9       		.byte	-39
 766 02e1 04       		.byte	4
 767 02e2 DA       		.byte	-38
 768 02e3 04       		.byte	4
 769 02e4 DB       		.byte	-37
 770 02e5 04       		.byte	4
 771 02e6 DC       		.byte	-36
 772 02e7 33       		.byte	51
 773 02e8 DD       		.byte	-35
 774 02e9 33       		.byte	51
 775 02ea DF       		.byte	-33
 776 02eb 01       		.byte	1
 777 02ec E0       		.byte	-32
 778 02ed 40       		.byte	64
 779 02ee E2       		.byte	-30
 780 02ef C0       		.byte	-64
 781 02f0 E4       		.byte	-28
 782 02f1 40       		.byte	64
 783 02f2 E5       		.byte	-27
 784 02f3 40       		.byte	64
 785 02f4 E6       		.byte	-26
 786 02f5 C0       		.byte	-64
 787 02f6 E8       		.byte	-24
 788 02f7 C0       		.byte	-64
 789 02f8 EA       		.byte	-22
 790 02f9 C0       		.byte	-64
 791 02fa EC       		.byte	-20
 792 02fb C0       		.byte	-64
 793 02fc EE       		.byte	-18
 794 02fd C0       		.byte	-64
 795 02fe 02       		.byte	2
 796 02ff 20       		.byte	32
 797 0300 03       		.byte	3
 798 0301 80       		.byte	-128
ARM GAS  C:\Users\Matteo\AppData\Local\Temp\ccHqMYdG.s 			page 15


 799 0302 06       		.byte	6
 800 0303 02       		.byte	2
 801 0304 0B       		.byte	11
 802 0305 20       		.byte	32
 803 0306 17       		.byte	23
 804 0307 80       		.byte	-128
 805 0308 19       		.byte	25
 806 0309 40       		.byte	64
 807 030a 1A       		.byte	26
 808 030b 04       		.byte	4
 809 030c 1B       		.byte	27
 810 030d 01       		.byte	1
 811 030e 1E       		.byte	30
 812 030f 80       		.byte	-128
 813 0310 21       		.byte	33
 814 0311 20       		.byte	32
 815 0312 22       		.byte	34
 816 0313 60       		.byte	96
 817 0314 27       		.byte	39
 818 0315 20       		.byte	32
 819 0316 2B       		.byte	43
 820 0317 81       		.byte	-127
 821 0318 2E       		.byte	46
 822 0319 02       		.byte	2
 823 031a 3B       		.byte	59
 824 031b 40       		.byte	64
 825 031c 3C       		.byte	60
 826 031d 02       		.byte	2
 827 031e 41       		.byte	65
 828 031f 20       		.byte	32
 829 0320 46       		.byte	70
 830 0321 82       		.byte	-126
 831 0322 49       		.byte	73
 832 0323 01       		.byte	1
 833 0324 4B       		.byte	75
 834 0325 20       		.byte	32
 835 0326 4D       		.byte	77
 836 0327 04       		.byte	4
 837 0328 4F       		.byte	79
 838 0329 01       		.byte	1
 839 032a 51       		.byte	81
 840 032b 40       		.byte	64
 841 032c 53       		.byte	83
 842 032d 90       		.byte	-112
 843 032e 56       		.byte	86
 844 032f 02       		.byte	2
 845 0330 59       		.byte	89
 846 0331 01       		.byte	1
 847 0332 5A       		.byte	90
 848 0333 84       		.byte	-124
 849 0334 5D       		.byte	93
 850 0335 04       		.byte	4
 851 0336 5E       		.byte	94
 852 0337 80       		.byte	-128
 853 0338 5F       		.byte	95
 854 0339 01       		.byte	1
 855 033a 73       		.byte	115
ARM GAS  C:\Users\Matteo\AppData\Local\Temp\ccHqMYdG.s 			page 16


 856 033b 40       		.byte	64
 857 033c 74       		.byte	116
 858 033d 01       		.byte	1
 859 033e 76       		.byte	118
 860 033f 80       		.byte	-128
 861 0340 77       		.byte	119
 862 0341 80       		.byte	-128
 863 0342 89       		.byte	-119
 864 0343 40       		.byte	64
 865 0344 95       		.byte	-107
 866 0345 80       		.byte	-128
 867 0346 A6       		.byte	-90
 868 0347 20       		.byte	32
 869 0348 AB       		.byte	-85
 870 0349 40       		.byte	64
 871 034a C0       		.byte	-64
 872 034b 8C       		.byte	-116
 873 034c C2       		.byte	-62
 874 034d 04       		.byte	4
 875 034e C4       		.byte	-60
 876 034f 80       		.byte	-128
 877 0350 CA       		.byte	-54
 878 0351 89       		.byte	-119
 879 0352 CE       		.byte	-50
 880 0353 88       		.byte	-120
 881 0354 D0       		.byte	-48
 882 0355 94       		.byte	-108
 883 0356 D2       		.byte	-46
 884 0357 04       		.byte	4
 885 0358 D6       		.byte	-42
 886 0359 DB       		.byte	-37
 887 035a E2       		.byte	-30
 888 035b 24       		.byte	36
 889 035c EA       		.byte	-22
 890 035d 08       		.byte	8
 891 035e 19       		.byte	25
 892 035f 01       		.byte	1
 893 0360 35       		.byte	53
 894 0361 01       		.byte	1
 895 0362 3F       		.byte	63
 896 0363 10       		.byte	16
 897 0364 54       		.byte	84
 898 0365 18       		.byte	24
 899 0366 56       		.byte	86
 900 0367 04       		.byte	4
 901 0368 59       		.byte	89
 902 0369 04       		.byte	4
 903 036a 5B       		.byte	91
 904 036b 04       		.byte	4
 905 036c 5D       		.byte	93
 906 036d 20       		.byte	32
 907 036e 5F       		.byte	95
 908 036f 01       		.byte	1
 909 0370 00       		.byte	0
 910 0371 66       		.byte	102
 911 0372 03       		.byte	3
 912 0373 08       		.byte	8
ARM GAS  C:\Users\Matteo\AppData\Local\Temp\ccHqMYdG.s 			page 17


 913 0374 08       		.byte	8
 914 0375 10       		.byte	16
 915 0376 09       		.byte	9
 916 0377 81       		.byte	-127
 917 0378 0A       		.byte	10
 918 0379 14       		.byte	20
 919 037a 0B       		.byte	11
 920 037b 80       		.byte	-128
 921 037c 10       		.byte	16
 922 037d 80       		.byte	-128
 923 037e 13       		.byte	19
 924 037f 24       		.byte	36
 925 0380 18       		.byte	24
 926 0381 09       		.byte	9
 927 0382 19       		.byte	25
 928 0383 11       		.byte	17
 929 0384 1A       		.byte	26
 930 0385 10       		.byte	16
 931 0386 20       		.byte	32
 932 0387 40       		.byte	64
 933 0388 22       		.byte	34
 934 0389 08       		.byte	8
 935 038a 23       		.byte	35
 936 038b 02       		.byte	2
 937 038c 27       		.byte	39
 938 038d 04       		.byte	4
 939 038e 28       		.byte	40
 940 038f 10       		.byte	16
 941 0390 29       		.byte	41
 942 0391 10       		.byte	16
 943 0392 2A       		.byte	42
 944 0393 80       		.byte	-128
 945 0394 2B       		.byte	43
 946 0395 80       		.byte	-128
 947 0396 31       		.byte	49
 948 0397 A0       		.byte	-96
 949 0398 32       		.byte	50
 950 0399 02       		.byte	2
 951 039a 33       		.byte	51
 952 039b 08       		.byte	8
 953 039c 36       		.byte	54
 954 039d 10       		.byte	16
 955 039e 38       		.byte	56
 956 039f 40       		.byte	64
 957 03a0 39       		.byte	57
 958 03a1 02       		.byte	2
 959 03a2 3A       		.byte	58
 960 03a3 20       		.byte	32
 961 03a4 3B       		.byte	59
 962 03a5 04       		.byte	4
 963 03a6 40       		.byte	64
 964 03a7 05       		.byte	5
 965 03a8 41       		.byte	65
 966 03a9 30       		.byte	48
 967 03aa 42       		.byte	66
 968 03ab C0       		.byte	-64
 969 03ac 4A       		.byte	74
ARM GAS  C:\Users\Matteo\AppData\Local\Temp\ccHqMYdG.s 			page 18


 970 03ad 28       		.byte	40
 971 03ae 4B       		.byte	75
 972 03af 80       		.byte	-128
 973 03b0 50       		.byte	80
 974 03b1 40       		.byte	64
 975 03b2 59       		.byte	89
 976 03b3 01       		.byte	1
 977 03b4 5F       		.byte	95
 978 03b5 02       		.byte	2
 979 03b6 67       		.byte	103
 980 03b7 4A       		.byte	74
 981 03b8 69       		.byte	105
 982 03b9 54       		.byte	84
 983 03ba 71       		.byte	113
 984 03bb 80       		.byte	-128
 985 03bc 72       		.byte	114
 986 03bd 20       		.byte	32
 987 03be 73       		.byte	115
 988 03bf 24       		.byte	36
 989 03c0 8B       		.byte	-117
 990 03c1 40       		.byte	64
 991 03c2 8E       		.byte	-114
 992 03c3 12       		.byte	18
 993 03c4 92       		.byte	-110
 994 03c5 40       		.byte	64
 995 03c6 93       		.byte	-109
 996 03c7 0A       		.byte	10
 997 03c8 94       		.byte	-108
 998 03c9 C0       		.byte	-64
 999 03ca 96       		.byte	-106
 1000 03cb 10       		.byte	16
 1001 03cc A0       		.byte	-96
 1002 03cd 80       		.byte	-128
 1003 03ce A5       		.byte	-91
 1004 03cf 01       		.byte	1
 1005 03d0 A6       		.byte	-90
 1006 03d1 28       		.byte	40
 1007 03d2 AF       		.byte	-81
 1008 03d3 40       		.byte	64
 1009 03d4 B4       		.byte	-76
 1010 03d5 84       		.byte	-124
 1011 03d6 B6       		.byte	-74
 1012 03d7 40       		.byte	64
 1013 03d8 C0       		.byte	-64
 1014 03d9 0F       		.byte	15
 1015 03da C2       		.byte	-62
 1016 03db 0F       		.byte	15
 1017 03dc C4       		.byte	-60
 1018 03dd 0E       		.byte	14
 1019 03de CA       		.byte	-54
 1020 03df 0F       		.byte	15
 1021 03e0 CC       		.byte	-52
 1022 03e1 2F       		.byte	47
 1023 03e2 CE       		.byte	-50
 1024 03e3 0F       		.byte	15
 1025 03e4 D0       		.byte	-48
 1026 03e5 0D       		.byte	13
ARM GAS  C:\Users\Matteo\AppData\Local\Temp\ccHqMYdG.s 			page 19


 1027 03e6 D2       		.byte	-46
 1028 03e7 0C       		.byte	12
 1029 03e8 D6       		.byte	-42
 1030 03e9 81       		.byte	-127
 1031 03ea D8       		.byte	-40
 1032 03eb B0       		.byte	-80
 1033 03ec E0       		.byte	-32
 1034 03ed 80       		.byte	-128
 1035 03ee E2       		.byte	-30
 1036 03ef 24       		.byte	36
 1037 03f0 00       		.byte	0
 1038 03f1 40       		.byte	64
 1039 03f2 02       		.byte	2
 1040 03f3 20       		.byte	32
 1041 03f4 04       		.byte	4
 1042 03f5 0A       		.byte	10
 1043 03f6 05       		.byte	5
 1044 03f7 0B       		.byte	11
 1045 03f8 06       		.byte	6
 1046 03f9 14       		.byte	20
 1047 03fa 08       		.byte	8
 1048 03fb 20       		.byte	32
 1049 03fc 09       		.byte	9
 1050 03fd 0B       		.byte	11
 1051 03fe 0A       		.byte	10
 1052 03ff C0       		.byte	-64
 1053 0400 0D       		.byte	13
 1054 0401 08       		.byte	8
 1055 0402 0E       		.byte	14
 1056 0403 08       		.byte	8
 1057 0404 10       		.byte	16
 1058 0405 13       		.byte	19
 1059 0406 12       		.byte	18
 1060 0407 0C       		.byte	12
 1061 0408 14       		.byte	20
 1062 0409 13       		.byte	19
 1063 040a 15       		.byte	21
 1064 040b 02       		.byte	2
 1065 040c 16       		.byte	22
 1066 040d 04       		.byte	4
 1067 040e 17       		.byte	23
 1068 040f 01       		.byte	1
 1069 0410 18       		.byte	24
 1070 0411 80       		.byte	-128
 1071 0412 1A       		.byte	26
 1072 0413 20       		.byte	32
 1073 0414 1E       		.byte	30
 1074 0415 15       		.byte	21
 1075 0416 20       		.byte	32
 1076 0417 03       		.byte	3
 1077 0418 21       		.byte	33
 1078 0419 01       		.byte	1
 1079 041a 22       		.byte	34
 1080 041b 14       		.byte	20
 1081 041c 23       		.byte	35
 1082 041d 12       		.byte	18
 1083 041e 24       		.byte	36
ARM GAS  C:\Users\Matteo\AppData\Local\Temp\ccHqMYdG.s 			page 20


 1084 041f E0       		.byte	-32
 1085 0420 25       		.byte	37
 1086 0421 04       		.byte	4
 1087 0422 28       		.byte	40
 1088 0423 E0       		.byte	-32
 1089 0424 30       		.byte	48
 1090 0425 0F       		.byte	15
 1091 0426 31       		.byte	49
 1092 0427 10       		.byte	16
 1093 0428 33       		.byte	51
 1094 0429 03       		.byte	3
 1095 042a 34       		.byte	52
 1096 042b E0       		.byte	-32
 1097 042c 35       		.byte	53
 1098 042d 08       		.byte	8
 1099 042e 36       		.byte	54
 1100 042f 10       		.byte	16
 1101 0430 37       		.byte	55
 1102 0431 04       		.byte	4
 1103 0432 3A       		.byte	58
 1104 0433 02       		.byte	2
 1105 0434 3E       		.byte	62
 1106 0435 40       		.byte	64
 1107 0436 3F       		.byte	63
 1108 0437 40       		.byte	64
 1109 0438 40       		.byte	64
 1110 0439 41       		.byte	65
 1111 043a 41       		.byte	65
 1112 043b 02       		.byte	2
 1113 043c 45       		.byte	69
 1114 043d EE       		.byte	-18
 1115 043e 46       		.byte	70
 1116 043f 0C       		.byte	12
 1117 0440 47       		.byte	71
 1118 0441 0B       		.byte	11
 1119 0442 48       		.byte	72
 1120 0443 17       		.byte	23
 1121 0444 49       		.byte	73
 1122 0445 FF       		.byte	-1
 1123 0446 4A       		.byte	74
 1124 0447 FF       		.byte	-1
 1125 0448 4B       		.byte	75
 1126 0449 FF       		.byte	-1
 1127 044a 4E       		.byte	78
 1128 044b F0       		.byte	-16
 1129 044c 4F       		.byte	79
 1130 044d 44       		.byte	68
 1131 044e 50       		.byte	80
 1132 044f 0C       		.byte	12
 1133 0450 54       		.byte	84
 1134 0451 01       		.byte	1
 1135 0452 58       		.byte	88
 1136 0453 04       		.byte	4
 1137 0454 59       		.byte	89
 1138 0455 04       		.byte	4
 1139 0456 5A       		.byte	90
 1140 0457 04       		.byte	4
ARM GAS  C:\Users\Matteo\AppData\Local\Temp\ccHqMYdG.s 			page 21


 1141 0458 5B       		.byte	91
 1142 0459 04       		.byte	4
 1143 045a 5C       		.byte	92
 1144 045b 22       		.byte	34
 1145 045c 5D       		.byte	93
 1146 045d 22       		.byte	34
 1147 045e 5F       		.byte	95
 1148 045f 01       		.byte	1
 1149 0460 66       		.byte	102
 1150 0461 C0       		.byte	-64
 1151 0462 6A       		.byte	106
 1152 0463 40       		.byte	64
 1153 0464 6B       		.byte	107
 1154 0465 02       		.byte	2
 1155 0466 81       		.byte	-127
 1156 0467 80       		.byte	-128
 1157 0468 83       		.byte	-125
 1158 0469 13       		.byte	19
 1159 046a 86       		.byte	-122
 1160 046b 03       		.byte	3
 1161 046c 88       		.byte	-120
 1162 046d DC       		.byte	-36
 1163 046e 8A       		.byte	-118
 1164 046f 22       		.byte	34
 1165 0470 90       		.byte	-112
 1166 0471 10       		.byte	16
 1167 0472 92       		.byte	-110
 1168 0473 AC       		.byte	-84
 1169 0474 93       		.byte	-109
 1170 0475 0C       		.byte	12
 1171 0476 94       		.byte	-108
 1172 0477 0C       		.byte	12
 1173 0478 95       		.byte	-107
 1174 0479 2C       		.byte	44
 1175 047a 96       		.byte	-106
 1176 047b 71       		.byte	113
 1177 047c 97       		.byte	-105
 1178 047d 43       		.byte	67
 1179 047e 9E       		.byte	-98
 1180 047f 20       		.byte	32
 1181 0480 A0       		.byte	-96
 1182 0481 09       		.byte	9
 1183 0482 A2       		.byte	-94
 1184 0483 D0       		.byte	-48
 1185 0484 A4       		.byte	-92
 1186 0485 14       		.byte	20
 1187 0486 A5       		.byte	-91
 1188 0487 71       		.byte	113
 1189 0488 A7       		.byte	-89
 1190 0489 0E       		.byte	14
 1191 048a A8       		.byte	-88
 1192 048b 10       		.byte	16
 1193 048c AA       		.byte	-86
 1194 048d 40       		.byte	64
 1195 048e AB       		.byte	-85
 1196 048f 08       		.byte	8
 1197 0490 AD       		.byte	-83
ARM GAS  C:\Users\Matteo\AppData\Local\Temp\ccHqMYdG.s 			page 22


 1198 0491 71       		.byte	113
 1199 0492 AF       		.byte	-81
 1200 0493 06       		.byte	6
 1201 0494 B2       		.byte	-78
 1202 0495 1F       		.byte	31
 1203 0496 B3       		.byte	-77
 1204 0497 30       		.byte	48
 1205 0498 B4       		.byte	-76
 1206 0499 E0       		.byte	-32
 1207 049a B5       		.byte	-75
 1208 049b 0F       		.byte	15
 1209 049c B7       		.byte	-73
 1210 049d C0       		.byte	-64
 1211 049e B9       		.byte	-71
 1212 049f 88       		.byte	-120
 1213 04a0 BA       		.byte	-70
 1214 04a1 20       		.byte	32
 1215 04a2 BB       		.byte	-69
 1216 04a3 20       		.byte	32
 1217 04a4 BF       		.byte	-65
 1218 04a5 04       		.byte	4
 1219 04a6 C0       		.byte	-64
 1220 04a7 02       		.byte	2
 1221 04a8 C7       		.byte	-57
 1222 04a9 04       		.byte	4
 1223 04aa C9       		.byte	-55
 1224 04ab FF       		.byte	-1
 1225 04ac CA       		.byte	-54
 1226 04ad 07       		.byte	7
 1227 04ae CB       		.byte	-53
 1228 04af FF       		.byte	-1
 1229 04b0 CC       		.byte	-52
 1230 04b1 40       		.byte	64
 1231 04b2 CD       		.byte	-51
 1232 04b3 20       		.byte	32
 1233 04b4 CE       		.byte	-50
 1234 04b5 F0       		.byte	-16
 1235 04b6 CF       		.byte	-49
 1236 04b7 05       		.byte	5
 1237 04b8 D0       		.byte	-48
 1238 04b9 08       		.byte	8
 1239 04ba D8       		.byte	-40
 1240 04bb 04       		.byte	4
 1241 04bc D9       		.byte	-39
 1242 04bd 04       		.byte	4
 1243 04be DA       		.byte	-38
 1244 04bf 04       		.byte	4
 1245 04c0 DC       		.byte	-36
 1246 04c1 22       		.byte	34
 1247 04c2 DD       		.byte	-35
 1248 04c3 02       		.byte	2
 1249 04c4 DF       		.byte	-33
 1250 04c5 01       		.byte	1
 1251 04c6 E0       		.byte	-32
 1252 04c7 40       		.byte	64
 1253 04c8 E1       		.byte	-31
 1254 04c9 A8       		.byte	-88
ARM GAS  C:\Users\Matteo\AppData\Local\Temp\ccHqMYdG.s 			page 23


 1255 04ca E2       		.byte	-30
 1256 04cb 40       		.byte	64
 1257 04cc E3       		.byte	-29
 1258 04cd 20       		.byte	32
 1259 04ce 00       		.byte	0
 1260 04cf 06       		.byte	6
 1261 04d0 01       		.byte	1
 1262 04d1 20       		.byte	32
 1263 04d2 03       		.byte	3
 1264 04d3 01       		.byte	1
 1265 04d4 05       		.byte	5
 1266 04d5 04       		.byte	4
 1267 04d6 07       		.byte	7
 1268 04d7 08       		.byte	8
 1269 04d8 0A       		.byte	10
 1270 04d9 49       		.byte	73
 1271 04da 0B       		.byte	11
 1272 04db 30       		.byte	48
 1273 04dc 0E       		.byte	14
 1274 04dd 40       		.byte	64
 1275 04de 0F       		.byte	15
 1276 04df 12       		.byte	18
 1277 04e0 11       		.byte	17
 1278 04e1 14       		.byte	20
 1279 04e2 12       		.byte	18
 1280 04e3 40       		.byte	64
 1281 04e4 15       		.byte	21
 1282 04e5 08       		.byte	8
 1283 04e6 16       		.byte	22
 1284 04e7 04       		.byte	4
 1285 04e8 17       		.byte	23
 1286 04e9 01       		.byte	1
 1287 04ea 19       		.byte	25
 1288 04eb A0       		.byte	-96
 1289 04ec 1A       		.byte	26
 1290 04ed 44       		.byte	68
 1291 04ee 1B       		.byte	27
 1292 04ef 02       		.byte	2
 1293 04f0 1D       		.byte	29
 1294 04f1 04       		.byte	4
 1295 04f2 1F       		.byte	31
 1296 04f3 30       		.byte	48
 1297 04f4 20       		.byte	32
 1298 04f5 20       		.byte	32
 1299 04f6 21       		.byte	33
 1300 04f7 99       		.byte	-103
 1301 04f8 22       		.byte	34
 1302 04f9 04       		.byte	4
 1303 04fa 24       		.byte	36
 1304 04fb 04       		.byte	4
 1305 04fc 27       		.byte	39
 1306 04fd 29       		.byte	41
 1307 04fe 29       		.byte	41
 1308 04ff 04       		.byte	4
 1309 0500 2B       		.byte	43
 1310 0501 80       		.byte	-128
 1311 0502 2F       		.byte	47
ARM GAS  C:\Users\Matteo\AppData\Local\Temp\ccHqMYdG.s 			page 24


 1312 0503 2A       		.byte	42
 1313 0504 31       		.byte	49
 1314 0505 08       		.byte	8
 1315 0506 37       		.byte	55
 1316 0507 09       		.byte	9
 1317 0508 39       		.byte	57
 1318 0509 54       		.byte	84
 1319 050a 3E       		.byte	62
 1320 050b 01       		.byte	1
 1321 050c 3F       		.byte	63
 1322 050d 02       		.byte	2
 1323 050e 42       		.byte	66
 1324 050f 01       		.byte	1
 1325 0510 43       		.byte	67
 1326 0511 22       		.byte	34
 1327 0512 47       		.byte	71
 1328 0513 20       		.byte	32
 1329 0514 49       		.byte	73
 1330 0515 01       		.byte	1
 1331 0516 4A       		.byte	74
 1332 0517 10       		.byte	16
 1333 0518 4F       		.byte	79
 1334 0519 02       		.byte	2
 1335 051a 51       		.byte	81
 1336 051b 44       		.byte	68
 1337 051c 52       		.byte	82
 1338 051d 40       		.byte	64
 1339 051e 56       		.byte	86
 1340 051f 04       		.byte	4
 1341 0520 57       		.byte	87
 1342 0521 08       		.byte	8
 1343 0522 59       		.byte	89
 1344 0523 81       		.byte	-127
 1345 0524 5A       		.byte	90
 1346 0525 10       		.byte	16
 1347 0526 5B       		.byte	91
 1348 0527 04       		.byte	4
 1349 0528 81       		.byte	-127
 1350 0529 40       		.byte	64
 1351 052a 82       		.byte	-126
 1352 052b 10       		.byte	16
 1353 052c 85       		.byte	-123
 1354 052d 80       		.byte	-128
 1355 052e 88       		.byte	-120
 1356 052f 01       		.byte	1
 1357 0530 8B       		.byte	-117
 1358 0531 80       		.byte	-128
 1359 0532 91       		.byte	-111
 1360 0533 54       		.byte	84
 1361 0534 95       		.byte	-107
 1362 0535 22       		.byte	34
 1363 0536 96       		.byte	-106
 1364 0537 04       		.byte	4
 1365 0538 9B       		.byte	-101
 1366 0539 04       		.byte	4
 1367 053a A4       		.byte	-92
 1368 053b 11       		.byte	17
ARM GAS  C:\Users\Matteo\AppData\Local\Temp\ccHqMYdG.s 			page 25


 1369 053c A6       		.byte	-90
 1370 053d 10       		.byte	16
 1371 053e A7       		.byte	-89
 1372 053f 80       		.byte	-128
 1373 0540 B4       		.byte	-76
 1374 0541 04       		.byte	4
 1375 0542 B5       		.byte	-75
 1376 0543 01       		.byte	1
 1377 0544 C0       		.byte	-64
 1378 0545 6F       		.byte	111
 1379 0546 C2       		.byte	-62
 1380 0547 BF       		.byte	-65
 1381 0548 C4       		.byte	-60
 1382 0549 7E       		.byte	126
 1383 054a CA       		.byte	-54
 1384 054b 73       		.byte	115
 1385 054c CC       		.byte	-52
 1386 054d C2       		.byte	-62
 1387 054e CE       		.byte	-50
 1388 054f 8E       		.byte	-114
 1389 0550 D0       		.byte	-48
 1390 0551 2D       		.byte	45
 1391 0552 D6       		.byte	-42
 1392 0553 0F       		.byte	15
 1393 0554 E0       		.byte	-32
 1394 0555 08       		.byte	8
 1395 0556 E4       		.byte	-28
 1396 0557 03       		.byte	3
 1397 0558 EA       		.byte	-22
 1398 0559 01       		.byte	1
 1399 055a EE       		.byte	-18
 1400 055b 08       		.byte	8
 1401 055c 30       		.byte	48
 1402 055d 02       		.byte	2
 1403 055e 32       		.byte	50
 1404 055f 40       		.byte	64
 1405 0560 37       		.byte	55
 1406 0561 84       		.byte	-124
 1407 0562 3B       		.byte	59
 1408 0563 40       		.byte	64
 1409 0564 CC       		.byte	-52
 1410 0565 F0       		.byte	-16
 1411 0566 CE       		.byte	-50
 1412 0567 10       		.byte	16
 1413 0568 30       		.byte	48
 1414 0569 10       		.byte	16
 1415 056a 56       		.byte	86
 1416 056b 20       		.byte	32
 1417 056c 8A       		.byte	-118
 1418 056d 20       		.byte	32
 1419 056e 96       		.byte	-106
 1420 056f 80       		.byte	-128
 1421 0570 9F       		.byte	-97
 1422 0571 80       		.byte	-128
 1423 0572 A4       		.byte	-92
 1424 0573 02       		.byte	2
 1425 0574 AB       		.byte	-85
ARM GAS  C:\Users\Matteo\AppData\Local\Temp\ccHqMYdG.s 			page 26


 1426 0575 04       		.byte	4
 1427 0576 AF       		.byte	-81
 1428 0577 40       		.byte	64
 1429 0578 CC       		.byte	-52
 1430 0579 10       		.byte	16
 1431 057a D4       		.byte	-44
 1432 057b 40       		.byte	64
 1433 057c EA       		.byte	-22
 1434 057d 80       		.byte	-128
 1435 057e EE       		.byte	-18
 1436 057f 40       		.byte	64
 1437 0580 3E       		.byte	62
 1438 0581 10       		.byte	16
 1439 0582 96       		.byte	-106
 1440 0583 80       		.byte	-128
 1441 0584 9C       		.byte	-100
 1442 0585 10       		.byte	16
 1443 0586 9F       		.byte	-97
 1444 0587 80       		.byte	-128
 1445 0588 A4       		.byte	-92
 1446 0589 02       		.byte	2
 1447 058a CE       		.byte	-50
 1448 058b 20       		.byte	32
 1449 058c 86       		.byte	-122
 1450 058d 02       		.byte	2
 1451 058e 94       		.byte	-108
 1452 058f 04       		.byte	4
 1453 0590 96       		.byte	-106
 1454 0591 90       		.byte	-112
 1455 0592 9C       		.byte	-100
 1456 0593 10       		.byte	16
 1457 0594 9F       		.byte	-97
 1458 0595 80       		.byte	-128
 1459 0596 A4       		.byte	-92
 1460 0597 02       		.byte	2
 1461 0598 A8       		.byte	-88
 1462 0599 04       		.byte	4
 1463 059a E2       		.byte	-30
 1464 059b 40       		.byte	64
 1465 059c E8       		.byte	-24
 1466 059d 20       		.byte	32
 1467 059e 13       		.byte	19
 1468 059f 02       		.byte	2
 1469 05a0 16       		.byte	22
 1470 05a1 80       		.byte	-128
 1471 05a2 7F       		.byte	127
 1472 05a3 04       		.byte	4
 1473 05a4 C4       		.byte	-60
 1474 05a5 0C       		.byte	12
 1475 05a6 DE       		.byte	-34
 1476 05a7 01       		.byte	1
 1477 05a8 97       		.byte	-105
 1478 05a9 08       		.byte	8
 1479 05aa AA       		.byte	-86
 1480 05ab 80       		.byte	-128
 1481 05ac AF       		.byte	-81
 1482 05ad 02       		.byte	2
ARM GAS  C:\Users\Matteo\AppData\Local\Temp\ccHqMYdG.s 			page 27


 1483 05ae 47       		.byte	71
 1484 05af 08       		.byte	8
 1485 05b0 97       		.byte	-105
 1486 05b1 08       		.byte	8
 1487 05b2 D0       		.byte	-48
 1488 05b3 01       		.byte	1
 1489 05b4 97       		.byte	-105
 1490 05b5 08       		.byte	8
 1491 05b6 AB       		.byte	-85
 1492 05b7 08       		.byte	8
 1493 05b8 24       		.byte	36
 1494 05b9 04       		.byte	4
 1495 05ba 52       		.byte	82
 1496 05bb 02       		.byte	2
 1497 05bc 82       		.byte	-126
 1498 05bd 20       		.byte	32
 1499 05be 88       		.byte	-120
 1500 05bf 10       		.byte	16
 1501 05c0 94       		.byte	-108
 1502 05c1 04       		.byte	4
 1503 05c2 96       		.byte	-106
 1504 05c3 10       		.byte	16
 1505 05c4 9C       		.byte	-100
 1506 05c5 10       		.byte	16
 1507 05c6 9F       		.byte	-97
 1508 05c7 80       		.byte	-128
 1509 05c8 A2       		.byte	-94
 1510 05c9 02       		.byte	2
 1511 05ca AA       		.byte	-86
 1512 05cb 40       		.byte	64
 1513 05cc AC       		.byte	-84
 1514 05cd 02       		.byte	2
 1515 05ce C8       		.byte	-56
 1516 05cf 20       		.byte	32
 1517 05d0 D4       		.byte	-44
 1518 05d1 80       		.byte	-128
 1519 05d2 E2       		.byte	-30
 1520 05d3 20       		.byte	32
 1521 05d4 EA       		.byte	-22
 1522 05d5 10       		.byte	16
 1523 05d6 EE       		.byte	-18
 1524 05d7 80       		.byte	-128
 1525 05d8 12       		.byte	18
 1526 05d9 20       		.byte	32
 1527 05da 16       		.byte	22
 1528 05db 40       		.byte	64
 1529 05dc 72       		.byte	114
 1530 05dd 20       		.byte	32
 1531 05de 75       		.byte	117
 1532 05df 02       		.byte	2
 1533 05e0 82       		.byte	-126
 1534 05e1 20       		.byte	32
 1535 05e2 86       		.byte	-122
 1536 05e3 40       		.byte	64
 1537 05e4 99       		.byte	-103
 1538 05e5 02       		.byte	2
 1539 05e6 9A       		.byte	-102
ARM GAS  C:\Users\Matteo\AppData\Local\Temp\ccHqMYdG.s 			page 28


 1540 05e7 20       		.byte	32
 1541 05e8 AA       		.byte	-86
 1542 05e9 10       		.byte	16
 1543 05ea AD       		.byte	-83
 1544 05eb 02       		.byte	2
 1545 05ec AF       		.byte	-81
 1546 05ed 80       		.byte	-128
 1547 05ee C4       		.byte	-60
 1548 05ef 30       		.byte	48
 1549 05f0 DC       		.byte	-36
 1550 05f1 80       		.byte	-128
 1551 05f2 DE       		.byte	-34
 1552 05f3 20       		.byte	32
 1553 05f4 E0       		.byte	-32
 1554 05f5 10       		.byte	16
 1555 05f6 E4       		.byte	-28
 1556 05f7 80       		.byte	-128
 1557 05f8 EA       		.byte	-22
 1558 05f9 C0       		.byte	-64
 1559 05fa EE       		.byte	-18
 1560 05fb 10       		.byte	16
 1561 05fc 10       		.byte	16
 1562 05fd 80       		.byte	-128
 1563 05fe 13       		.byte	19
 1564 05ff 20       		.byte	32
 1565 0600 14       		.byte	20
 1566 0601 20       		.byte	32
 1567 0602 7B       		.byte	123
 1568 0603 10       		.byte	16
 1569 0604 7F       		.byte	127
 1570 0605 40       		.byte	64
 1571 0606 80       		.byte	-128
 1572 0607 80       		.byte	-128
 1573 0608 8B       		.byte	-117
 1574 0609 04       		.byte	4
 1575 060a 97       		.byte	-105
 1576 060b 08       		.byte	8
 1577 060c C4       		.byte	-60
 1578 060d 0E       		.byte	14
 1579 060e DE       		.byte	-34
 1580 060f 03       		.byte	3
 1581 0610 E0       		.byte	-32
 1582 0611 01       		.byte	1
 1583 0612 10       		.byte	16
 1584 0613 40       		.byte	64
 1585 0614 74       		.byte	116
 1586 0615 04       		.byte	4
 1587 0616 83       		.byte	-125
 1588 0617 10       		.byte	16
 1589 0618 84       		.byte	-124
 1590 0619 04       		.byte	4
 1591 061a 87       		.byte	-121
 1592 061b 40       		.byte	64
 1593 061c 88       		.byte	-120
 1594 061d 40       		.byte	64
 1595 061e 97       		.byte	-105
 1596 061f 80       		.byte	-128
ARM GAS  C:\Users\Matteo\AppData\Local\Temp\ccHqMYdG.s 			page 29


 1597 0620 A7       		.byte	-89
 1598 0621 10       		.byte	16
 1599 0622 AB       		.byte	-85
 1600 0623 20       		.byte	32
 1601 0624 AC       		.byte	-84
 1602 0625 20       		.byte	32
 1603 0626 C4       		.byte	-60
 1604 0627 08       		.byte	8
 1605 0628 DE       		.byte	-34
 1606 0629 04       		.byte	4
 1607 062a E2       		.byte	-30
 1608 062b 01       		.byte	1
 1609 062c 00       		.byte	0
 1610 062d 5E       		.byte	94
 1611 062e 0A       		.byte	10
 1612 062f 18       		.byte	24
 1613 0630 0C       		.byte	12
 1614 0631 46       		.byte	70
 1615 0632 10       		.byte	16
 1616 0633 2C       		.byte	44
 1617 0634 1A       		.byte	26
 1618 0635 28       		.byte	40
 1619 0636 1C       		.byte	28
 1620 0637 04       		.byte	4
 1621 0638 00       		.byte	0
 1622 0639 FF       		.byte	-1
 1623 063a 01       		.byte	1
 1624 063b 0F       		.byte	15
 1625 063c 03       		.byte	3
 1626 063d C0       		.byte	-64
 1627 063e 00       		.byte	0
 1628 063f 00       		.byte	0
 1629 0640 82       		.byte	-126
 1630 0641 80       		.byte	-128
 1631 0642 00       		.byte	0
 1632 0643 00       		.byte	0
 1633 0644 43       		.byte	67
 1634 0645 00       		.byte	0
 1635 0646 00       		.byte	0
 1636 0647 00       		.byte	0
 1637 0648 01       		.byte	1
 1638 0649 00       		.byte	0
 1639 064a 80       		.byte	-128
 1640 064b 04       		.byte	4
 1641 064c 00       		.byte	0
 1642 064d 08       		.byte	8
 1643 064e 23       		.byte	35
 1644 064f 00       		.byte	0
 1645 0650 02       		.byte	2
 1646 0651 18       		.byte	24
 1647 0652 80       		.byte	-128
 1648 0653 00       		.byte	0
 1649 0654 1C       		.byte	28
 1650 0655 3C       		.byte	60
 1651 0656 23       		.byte	35
 1652 0657 C2       		.byte	-62
 1653 0658 33       		.byte	51
ARM GAS  C:\Users\Matteo\AppData\Local\Temp\ccHqMYdG.s 			page 30


 1654 0659 1C       		.byte	28
 1655 065a 0C       		.byte	12
 1656 065b E1       		.byte	-31
 1657 065c 1F       		.byte	31
 1658 065d 80       		.byte	-128
 1659 065e 20       		.byte	32
 1660 065f 00       		.byte	0
 1661 0660 03       		.byte	3
 1662 0661 00       		.byte	0
 1663 0662 40       		.byte	64
 1664 0663 E3       		.byte	-29
 1665 0664 08       		.byte	8
 1666 0665 10       		.byte	16
 1667 0666 00       		.byte	0
 1668 0667 00       		.byte	0
 1669 0668 3F       		.byte	63
 1670 0669 44       		.byte	68
 1671 066a 00       		.byte	0
 1672 066b 00       		.byte	0
 1673 066c 04       		.byte	4
 1674 066d C0       		.byte	-64
 1675 066e 00       		.byte	0
 1676 066f 00       		.byte	0
 1677 0670 0C       		.byte	12
 1678 0671 E7       		.byte	-25
 1679 0672 00       		.byte	0
 1680 0673 18       		.byte	24
 1681 0674 00       		.byte	0
 1682 0675 FF       		.byte	-1
 1683 0676 00       		.byte	0
 1684 0677 00       		.byte	0
 1685 0678 10       		.byte	16
 1686 0679 1F       		.byte	31
 1687 067a 2C       		.byte	44
 1688 067b 38       		.byte	56
 1689 067c 0F       		.byte	15
 1690 067d 00       		.byte	0
 1691 067e C0       		.byte	-64
 1692 067f C0       		.byte	-64
 1693 0680 00       		.byte	0
 1694 0681 00       		.byte	0
 1695 0682 28       		.byte	40
 1696 0683 02       		.byte	2
 1697 0684 00       		.byte	0
 1698 0685 00       		.byte	0
 1699 0686 41       		.byte	65
 1700 0687 00       		.byte	0
 1701 0688 52       		.byte	82
 1702 0689 04       		.byte	4
 1703 068a 06       		.byte	6
 1704 068b 00       		.byte	0
 1705 068c 01       		.byte	1
 1706 068d 0C       		.byte	12
 1707 068e 0E       		.byte	14
 1708 068f 00       		.byte	0
 1709 0690 05       		.byte	5
 1710 0691 FF       		.byte	-1
ARM GAS  C:\Users\Matteo\AppData\Local\Temp\ccHqMYdG.s 			page 31


 1711 0692 FF       		.byte	-1
 1712 0693 FF       		.byte	-1
 1713 0694 62       		.byte	98
 1714 0695 A0       		.byte	-96
 1715 0696 F0       		.byte	-16
 1716 0697 41       		.byte	65
 1717 0698 0C       		.byte	12
 1718 0699 00       		.byte	0
 1719 069a 00       		.byte	0
 1720 069b 00       		.byte	0
 1721 069c 00       		.byte	0
 1722 069d 00       		.byte	0
 1723 069e 02       		.byte	2
 1724 069f 13       		.byte	19
 1725 06a0 04       		.byte	4
 1726 06a1 04       		.byte	4
 1727 06a2 04       		.byte	4
 1728 06a3 04       		.byte	4
 1729 06a4 22       		.byte	34
 1730 06a5 22       		.byte	34
 1731 06a6 00       		.byte	0
 1732 06a7 01       		.byte	1
 1733 06a8 00       		.byte	0
 1734 06a9 00       		.byte	0
 1735 06aa 00       		.byte	0
 1736 06ab 00       		.byte	0
 1737 06ac 00       		.byte	0
 1738 06ad 00       		.byte	0
 1739 06ae 40       		.byte	64
 1740 06af 02       		.byte	2
 1741 06b0 00       		.byte	0
 1742 06b1 10       		.byte	16
 1743 06b2 30       		.byte	48
 1744 06b3 10       		.byte	16
 1745 06b4 00       		.byte	0
 1746 06b5 10       		.byte	16
 1747 06b6 10       		.byte	16
 1748 06b7 12       		.byte	18
 1749 06b8 00       		.byte	0
 1750 06b9 00       		.byte	0
 1751 06ba 00       		.byte	0
 1752 06bb 00       		.byte	0
 1753 06bc 00       		.byte	0
 1754 06bd 00       		.byte	0
 1755 06be 00       		.byte	0
 1756 06bf 00       		.byte	0
 1757 06c0 00       		.byte	0
 1758 06c1 00       		.byte	0
 1759 06c2 00       		.byte	0
 1760 06c3 00       		.byte	0
 1761 06c4 00       		.byte	0
 1762 06c5 00       		.byte	0
 1763 06c6 00       		.byte	0
 1764 06c7 00       		.byte	0
 1765 06c8 00       		.byte	0
 1766 06c9 02       		.byte	2
 1767 06ca 02       		.byte	2
ARM GAS  C:\Users\Matteo\AppData\Local\Temp\ccHqMYdG.s 			page 32


 1768 06cb 00       		.byte	0
 1769 06cc 02       		.byte	2
 1770 06cd 00       		.byte	0
 1771 06ce 80       		.byte	-128
 1772 06cf 00       		.byte	0
 1773 06d0 83       		.byte	-125
 1774 06d1 00       		.byte	0
 1775 06d2 70       		.byte	112
 1776 06d3 80       		.byte	-128
 1777 06d4 83       		.byte	-125
 1778 06d5 00       		.byte	0
 1779 06d6 83       		.byte	-125
 1780 06d7 00       		.byte	0
 1781 06d8 00       		.byte	0
 1782 06d9 00       		.byte	0
 1783 06da 00       		.byte	0
 1784 06db 00       		.byte	0
 1785 06dc 00       		.byte	0
 1786 06dd 38       		.byte	56
 1787 06de 38       		.byte	56
 1788 06df 00       		.byte	0
 1789 06e0 08       		.byte	8
 1790 06e1 00       		.byte	0
 1791 06e2 00       		.byte	0
 1792 06e3 00       		.byte	0
 1793 06e4 00       		.byte	0
 1794 06e5 0B       		.byte	11
 1795 06e6 0B       		.byte	11
 1796 06e7 00       		.byte	0
 1797 06e8 00       		.byte	0
 1798 06e9 00       		.byte	0
 1799 06ea 00       		.byte	0
 1800 06eb 00       		.byte	0
 1801 06ec 25       		.byte	37
 1802 06ed 00       		.byte	0
 1803 06ee 18       		.byte	24
 1804 06ef 01       		.byte	1
 1805              		.section	.cywolatch,"a",%progbits
 1806              		.align	2
 1807              		.type	cy_meta_wonvl, %object
 1808              		.size	cy_meta_wonvl, 4
 1809              	cy_meta_wonvl:
 1810 0000 BC       		.byte	-68
 1811 0001 90       		.byte	-112
 1812 0002 AC       		.byte	-84
 1813 0003 AF       		.byte	-81
 1814              		.section	.cycustnvl,"a",%progbits
 1815              		.align	2
 1816              		.type	cy_meta_custnvl, %object
 1817              		.size	cy_meta_custnvl, 4
 1818              	cy_meta_custnvl:
 1819 0000 00       		.byte	0
 1820 0001 00       		.byte	0
 1821 0002 40       		.byte	64
 1822 0003 05       		.byte	5
 1823              		.section	.cymeta,"a",%progbits
 1824              		.align	2
ARM GAS  C:\Users\Matteo\AppData\Local\Temp\ccHqMYdG.s 			page 33


 1825              		.type	cy_metadata, %object
 1826              		.size	cy_metadata, 12
 1827              	cy_metadata:
 1828 0000 00       		.byte	0
 1829 0001 01       		.byte	1
 1830 0002 2E       		.byte	46
 1831 0003 16       		.byte	22
 1832 0004 10       		.byte	16
 1833 0005 69       		.byte	105
 1834 0006 00       		.byte	0
 1835 0007 01       		.byte	1
 1836 0008 00       		.byte	0
 1837 0009 00       		.byte	0
 1838 000a 00       		.byte	0
 1839 000b 00       		.byte	0
 1840              		.section	.cyflashprotect,"a",%progbits
 1841              		.align	2
 1842              		.type	cy_meta_flashprotect, %object
 1843              		.size	cy_meta_flashprotect, 256
 1844              	cy_meta_flashprotect:
 1845 0000 00000000 		.space	256
 1845      00000000 
 1845      00000000 
 1845      00000000 
 1845      00000000 
 1846              		.text
 1847              	.Letext0:
 1848              		.file 1 "c:\\program files (x86)\\cypress\\psoc creator\\4.4\\psoc creator\\import\\gnu\\arm\\5.4.
 1849              		.file 2 "c:\\program files (x86)\\cypress\\psoc creator\\4.4\\psoc creator\\import\\gnu\\arm\\5.4.
 1850              		.file 3 "Generated_Source\\PSoC5\\cymetadata.c"
 1851              		.section	.debug_info,"",%progbits
 1852              	.Ldebug_info0:
 1853 0000 35010000 		.4byte	0x135
 1854 0004 0400     		.2byte	0x4
 1855 0006 00000000 		.4byte	.Ldebug_abbrev0
 1856 000a 04       		.byte	0x4
 1857 000b 01       		.uleb128 0x1
 1858 000c 24000000 		.4byte	.LASF17
 1859 0010 0C       		.byte	0xc
 1860 0011 D0010000 		.4byte	.LASF18
 1861 0015 25010000 		.4byte	.LASF19
 1862 0019 00000000 		.4byte	.Ldebug_line0
 1863 001d 02       		.uleb128 0x2
 1864 001e 01       		.byte	0x1
 1865 001f 06       		.byte	0x6
 1866 0020 C4010000 		.4byte	.LASF0
 1867 0024 03       		.uleb128 0x3
 1868 0025 00000000 		.4byte	.LASF9
 1869 0029 01       		.byte	0x1
 1870 002a 1D       		.byte	0x1d
 1871 002b 2F000000 		.4byte	0x2f
 1872 002f 02       		.uleb128 0x2
 1873 0030 01       		.byte	0x1
 1874 0031 08       		.byte	0x8
 1875 0032 16000000 		.4byte	.LASF1
 1876 0036 02       		.uleb128 0x2
 1877 0037 02       		.byte	0x2
ARM GAS  C:\Users\Matteo\AppData\Local\Temp\ccHqMYdG.s 			page 34


 1878 0038 05       		.byte	0x5
 1879 0039 B1010000 		.4byte	.LASF2
 1880 003d 02       		.uleb128 0x2
 1881 003e 02       		.byte	0x2
 1882 003f 07       		.byte	0x7
 1883 0040 C4000000 		.4byte	.LASF3
 1884 0044 02       		.uleb128 0x2
 1885 0045 04       		.byte	0x4
 1886 0046 05       		.byte	0x5
 1887 0047 BB010000 		.4byte	.LASF4
 1888 004b 02       		.uleb128 0x2
 1889 004c 04       		.byte	0x4
 1890 004d 07       		.byte	0x7
 1891 004e B2000000 		.4byte	.LASF5
 1892 0052 02       		.uleb128 0x2
 1893 0053 08       		.byte	0x8
 1894 0054 05       		.byte	0x5
 1895 0055 A3010000 		.4byte	.LASF6
 1896 0059 02       		.uleb128 0x2
 1897 005a 08       		.byte	0x8
 1898 005b 07       		.byte	0x7
 1899 005c 06010000 		.4byte	.LASF7
 1900 0060 04       		.uleb128 0x4
 1901 0061 04       		.byte	0x4
 1902 0062 05       		.byte	0x5
 1903 0063 696E7400 		.ascii	"int\000"
 1904 0067 02       		.uleb128 0x2
 1905 0068 04       		.byte	0x4
 1906 0069 07       		.byte	0x7
 1907 006a F9000000 		.4byte	.LASF8
 1908 006e 03       		.uleb128 0x3
 1909 006f 1D010000 		.4byte	.LASF10
 1910 0073 02       		.byte	0x2
 1911 0074 18       		.byte	0x18
 1912 0075 24000000 		.4byte	0x24
 1913 0079 05       		.uleb128 0x5
 1914 007a 91000000 		.4byte	0x91
 1915 007e 8A000000 		.4byte	0x8a
 1916 0082 06       		.uleb128 0x6
 1917 0083 8A000000 		.4byte	0x8a
 1918 0087 EF06     		.2byte	0x6ef
 1919 0089 00       		.byte	0
 1920 008a 02       		.uleb128 0x2
 1921 008b 04       		.byte	0x4
 1922 008c 07       		.byte	0x7
 1923 008d 9A010000 		.4byte	.LASF11
 1924 0091 07       		.uleb128 0x7
 1925 0092 6E000000 		.4byte	0x6e
 1926 0096 08       		.uleb128 0x8
 1927 0097 E7000000 		.4byte	.LASF12
 1928 009b 03       		.byte	0x3
 1929 009c 1F       		.byte	0x1f
 1930 009d A7000000 		.4byte	0xa7
 1931 00a1 05       		.uleb128 0x5
 1932 00a2 03       		.byte	0x3
 1933 00a3 00000000 		.4byte	cy_meta_configecc
 1934 00a7 07       		.uleb128 0x7
ARM GAS  C:\Users\Matteo\AppData\Local\Temp\ccHqMYdG.s 			page 35


 1935 00a8 79000000 		.4byte	0x79
 1936 00ac 05       		.uleb128 0x5
 1937 00ad 91000000 		.4byte	0x91
 1938 00b1 BC000000 		.4byte	0xbc
 1939 00b5 09       		.uleb128 0x9
 1940 00b6 8A000000 		.4byte	0x8a
 1941 00ba 03       		.byte	0x3
 1942 00bb 00       		.byte	0
 1943 00bc 0A       		.uleb128 0xa
 1944 00bd D7000000 		.4byte	.LASF13
 1945 00c1 03       		.byte	0x3
 1946 00c2 0A01     		.2byte	0x10a
 1947 00c4 CE000000 		.4byte	0xce
 1948 00c8 05       		.uleb128 0x5
 1949 00c9 03       		.byte	0x3
 1950 00ca 00000000 		.4byte	cy_meta_custnvl
 1951 00ce 07       		.uleb128 0x7
 1952 00cf AC000000 		.4byte	0xac
 1953 00d3 0A       		.uleb128 0xa
 1954 00d4 8C010000 		.4byte	.LASF14
 1955 00d8 03       		.byte	0x3
 1956 00d9 1801     		.2byte	0x118
 1957 00db E5000000 		.4byte	0xe5
 1958 00df 05       		.uleb128 0x5
 1959 00e0 03       		.byte	0x3
 1960 00e1 00000000 		.4byte	cy_meta_wonvl
 1961 00e5 07       		.uleb128 0x7
 1962 00e6 AC000000 		.4byte	0xac
 1963 00ea 05       		.uleb128 0x5
 1964 00eb 91000000 		.4byte	0x91
 1965 00ef FA000000 		.4byte	0xfa
 1966 00f3 09       		.uleb128 0x9
 1967 00f4 8A000000 		.4byte	0x8a
 1968 00f8 FF       		.byte	0xff
 1969 00f9 00       		.byte	0
 1970 00fa 0A       		.uleb128 0xa
 1971 00fb 77010000 		.4byte	.LASF15
 1972 00ff 03       		.byte	0x3
 1973 0100 2601     		.2byte	0x126
 1974 0102 0C010000 		.4byte	0x10c
 1975 0106 05       		.uleb128 0x5
 1976 0107 03       		.byte	0x3
 1977 0108 00000000 		.4byte	cy_meta_flashprotect
 1978 010c 07       		.uleb128 0x7
 1979 010d EA000000 		.4byte	0xea
 1980 0111 05       		.uleb128 0x5
 1981 0112 91000000 		.4byte	0x91
 1982 0116 21010000 		.4byte	0x121
 1983 011a 09       		.uleb128 0x9
 1984 011b 8A000000 		.4byte	0x8a
 1985 011f 0B       		.byte	0xb
 1986 0120 00       		.byte	0
 1987 0121 0A       		.uleb128 0xa
 1988 0122 0A000000 		.4byte	.LASF16
 1989 0126 03       		.byte	0x3
 1990 0127 5301     		.2byte	0x153
 1991 0129 33010000 		.4byte	0x133
ARM GAS  C:\Users\Matteo\AppData\Local\Temp\ccHqMYdG.s 			page 36


 1992 012d 05       		.uleb128 0x5
 1993 012e 03       		.byte	0x3
 1994 012f 00000000 		.4byte	cy_metadata
 1995 0133 07       		.uleb128 0x7
 1996 0134 11010000 		.4byte	0x111
 1997 0138 00       		.byte	0
 1998              		.section	.debug_abbrev,"",%progbits
 1999              	.Ldebug_abbrev0:
 2000 0000 01       		.uleb128 0x1
 2001 0001 11       		.uleb128 0x11
 2002 0002 01       		.byte	0x1
 2003 0003 25       		.uleb128 0x25
 2004 0004 0E       		.uleb128 0xe
 2005 0005 13       		.uleb128 0x13
 2006 0006 0B       		.uleb128 0xb
 2007 0007 03       		.uleb128 0x3
 2008 0008 0E       		.uleb128 0xe
 2009 0009 1B       		.uleb128 0x1b
 2010 000a 0E       		.uleb128 0xe
 2011 000b 10       		.uleb128 0x10
 2012 000c 17       		.uleb128 0x17
 2013 000d 00       		.byte	0
 2014 000e 00       		.byte	0
 2015 000f 02       		.uleb128 0x2
 2016 0010 24       		.uleb128 0x24
 2017 0011 00       		.byte	0
 2018 0012 0B       		.uleb128 0xb
 2019 0013 0B       		.uleb128 0xb
 2020 0014 3E       		.uleb128 0x3e
 2021 0015 0B       		.uleb128 0xb
 2022 0016 03       		.uleb128 0x3
 2023 0017 0E       		.uleb128 0xe
 2024 0018 00       		.byte	0
 2025 0019 00       		.byte	0
 2026 001a 03       		.uleb128 0x3
 2027 001b 16       		.uleb128 0x16
 2028 001c 00       		.byte	0
 2029 001d 03       		.uleb128 0x3
 2030 001e 0E       		.uleb128 0xe
 2031 001f 3A       		.uleb128 0x3a
 2032 0020 0B       		.uleb128 0xb
 2033 0021 3B       		.uleb128 0x3b
 2034 0022 0B       		.uleb128 0xb
 2035 0023 49       		.uleb128 0x49
 2036 0024 13       		.uleb128 0x13
 2037 0025 00       		.byte	0
 2038 0026 00       		.byte	0
 2039 0027 04       		.uleb128 0x4
 2040 0028 24       		.uleb128 0x24
 2041 0029 00       		.byte	0
 2042 002a 0B       		.uleb128 0xb
 2043 002b 0B       		.uleb128 0xb
 2044 002c 3E       		.uleb128 0x3e
 2045 002d 0B       		.uleb128 0xb
 2046 002e 03       		.uleb128 0x3
 2047 002f 08       		.uleb128 0x8
 2048 0030 00       		.byte	0
ARM GAS  C:\Users\Matteo\AppData\Local\Temp\ccHqMYdG.s 			page 37


 2049 0031 00       		.byte	0
 2050 0032 05       		.uleb128 0x5
 2051 0033 01       		.uleb128 0x1
 2052 0034 01       		.byte	0x1
 2053 0035 49       		.uleb128 0x49
 2054 0036 13       		.uleb128 0x13
 2055 0037 01       		.uleb128 0x1
 2056 0038 13       		.uleb128 0x13
 2057 0039 00       		.byte	0
 2058 003a 00       		.byte	0
 2059 003b 06       		.uleb128 0x6
 2060 003c 21       		.uleb128 0x21
 2061 003d 00       		.byte	0
 2062 003e 49       		.uleb128 0x49
 2063 003f 13       		.uleb128 0x13
 2064 0040 2F       		.uleb128 0x2f
 2065 0041 05       		.uleb128 0x5
 2066 0042 00       		.byte	0
 2067 0043 00       		.byte	0
 2068 0044 07       		.uleb128 0x7
 2069 0045 26       		.uleb128 0x26
 2070 0046 00       		.byte	0
 2071 0047 49       		.uleb128 0x49
 2072 0048 13       		.uleb128 0x13
 2073 0049 00       		.byte	0
 2074 004a 00       		.byte	0
 2075 004b 08       		.uleb128 0x8
 2076 004c 34       		.uleb128 0x34
 2077 004d 00       		.byte	0
 2078 004e 03       		.uleb128 0x3
 2079 004f 0E       		.uleb128 0xe
 2080 0050 3A       		.uleb128 0x3a
 2081 0051 0B       		.uleb128 0xb
 2082 0052 3B       		.uleb128 0x3b
 2083 0053 0B       		.uleb128 0xb
 2084 0054 49       		.uleb128 0x49
 2085 0055 13       		.uleb128 0x13
 2086 0056 3F       		.uleb128 0x3f
 2087 0057 19       		.uleb128 0x19
 2088 0058 02       		.uleb128 0x2
 2089 0059 18       		.uleb128 0x18
 2090 005a 00       		.byte	0
 2091 005b 00       		.byte	0
 2092 005c 09       		.uleb128 0x9
 2093 005d 21       		.uleb128 0x21
 2094 005e 00       		.byte	0
 2095 005f 49       		.uleb128 0x49
 2096 0060 13       		.uleb128 0x13
 2097 0061 2F       		.uleb128 0x2f
 2098 0062 0B       		.uleb128 0xb
 2099 0063 00       		.byte	0
 2100 0064 00       		.byte	0
 2101 0065 0A       		.uleb128 0xa
 2102 0066 34       		.uleb128 0x34
 2103 0067 00       		.byte	0
 2104 0068 03       		.uleb128 0x3
 2105 0069 0E       		.uleb128 0xe
ARM GAS  C:\Users\Matteo\AppData\Local\Temp\ccHqMYdG.s 			page 38


 2106 006a 3A       		.uleb128 0x3a
 2107 006b 0B       		.uleb128 0xb
 2108 006c 3B       		.uleb128 0x3b
 2109 006d 05       		.uleb128 0x5
 2110 006e 49       		.uleb128 0x49
 2111 006f 13       		.uleb128 0x13
 2112 0070 3F       		.uleb128 0x3f
 2113 0071 19       		.uleb128 0x19
 2114 0072 02       		.uleb128 0x2
 2115 0073 18       		.uleb128 0x18
 2116 0074 00       		.byte	0
 2117 0075 00       		.byte	0
 2118 0076 00       		.byte	0
 2119              		.section	.debug_aranges,"",%progbits
 2120 0000 14000000 		.4byte	0x14
 2121 0004 0200     		.2byte	0x2
 2122 0006 00000000 		.4byte	.Ldebug_info0
 2123 000a 04       		.byte	0x4
 2124 000b 00       		.byte	0
 2125 000c 0000     		.2byte	0
 2126 000e 0000     		.2byte	0
 2127 0010 00000000 		.4byte	0
 2128 0014 00000000 		.4byte	0
 2129              		.section	.debug_line,"",%progbits
 2130              	.Ldebug_line0:
 2131 0000 3D010000 		.section	.debug_str,"MS",%progbits,1
 2131      02003701 
 2131      00000201 
 2131      FB0E0D00 
 2131      01010101 
 2132              	.LASF9:
 2133 0000 5F5F7569 		.ascii	"__uint8_t\000"
 2133      6E74385F 
 2133      7400
 2134              	.LASF16:
 2135 000a 63795F6D 		.ascii	"cy_metadata\000"
 2135      65746164 
 2135      61746100 
 2136              	.LASF1:
 2137 0016 756E7369 		.ascii	"unsigned char\000"
 2137      676E6564 
 2137      20636861 
 2137      7200
 2138              	.LASF17:
 2139 0024 474E5520 		.ascii	"GNU C11 5.4.1 20160609 (release) [ARM/embedded-5-br"
 2139      43313120 
 2139      352E342E 
 2139      31203230 
 2139      31363036 
 2140 0057 616E6368 		.ascii	"anch revision 237715] -mcpu=cortex-m3 -mthumb -g -O"
 2140      20726576 
 2140      6973696F 
 2140      6E203233 
 2140      37373135 
 2141 008a 67202D66 		.ascii	"g -ffunction-sections -ffat-lto-objects\000"
 2141      66756E63 
 2141      74696F6E 
ARM GAS  C:\Users\Matteo\AppData\Local\Temp\ccHqMYdG.s 			page 39


 2141      2D736563 
 2141      74696F6E 
 2142              	.LASF5:
 2143 00b2 6C6F6E67 		.ascii	"long unsigned int\000"
 2143      20756E73 
 2143      69676E65 
 2143      6420696E 
 2143      7400
 2144              	.LASF3:
 2145 00c4 73686F72 		.ascii	"short unsigned int\000"
 2145      7420756E 
 2145      7369676E 
 2145      65642069 
 2145      6E7400
 2146              	.LASF13:
 2147 00d7 63795F6D 		.ascii	"cy_meta_custnvl\000"
 2147      6574615F 
 2147      63757374 
 2147      6E766C00 
 2148              	.LASF12:
 2149 00e7 63795F6D 		.ascii	"cy_meta_configecc\000"
 2149      6574615F 
 2149      636F6E66 
 2149      69676563 
 2149      6300
 2150              	.LASF8:
 2151 00f9 756E7369 		.ascii	"unsigned int\000"
 2151      676E6564 
 2151      20696E74 
 2151      00
 2152              	.LASF7:
 2153 0106 6C6F6E67 		.ascii	"long long unsigned int\000"
 2153      206C6F6E 
 2153      6720756E 
 2153      7369676E 
 2153      65642069 
 2154              	.LASF10:
 2155 011d 75696E74 		.ascii	"uint8_t\000"
 2155      385F7400 
 2156              	.LASF19:
 2157 0125 433A5C55 		.ascii	"C:\\Users\\Matteo\\Desktop\\New folder\\AY2324_I_Pr"
 2157      73657273 
 2157      5C4D6174 
 2157      74656F5C 
 2157      4465736B 
 2158 0153 6F6A6563 		.ascii	"oject-6\\PSoC_Code\\Stream mode.cydsn\000"
 2158      742D365C 
 2158      50536F43 
 2158      5F436F64 
 2158      655C5374 
 2159              	.LASF15:
 2160 0177 63795F6D 		.ascii	"cy_meta_flashprotect\000"
 2160      6574615F 
 2160      666C6173 
 2160      6870726F 
 2160      74656374 
 2161              	.LASF14:
ARM GAS  C:\Users\Matteo\AppData\Local\Temp\ccHqMYdG.s 			page 40


 2162 018c 63795F6D 		.ascii	"cy_meta_wonvl\000"
 2162      6574615F 
 2162      776F6E76 
 2162      6C00
 2163              	.LASF11:
 2164 019a 73697A65 		.ascii	"sizetype\000"
 2164      74797065 
 2164      00
 2165              	.LASF6:
 2166 01a3 6C6F6E67 		.ascii	"long long int\000"
 2166      206C6F6E 
 2166      6720696E 
 2166      7400
 2167              	.LASF2:
 2168 01b1 73686F72 		.ascii	"short int\000"
 2168      7420696E 
 2168      7400
 2169              	.LASF4:
 2170 01bb 6C6F6E67 		.ascii	"long int\000"
 2170      20696E74 
 2170      00
 2171              	.LASF0:
 2172 01c4 7369676E 		.ascii	"signed char\000"
 2172      65642063 
 2172      68617200 
 2173              	.LASF18:
 2174 01d0 47656E65 		.ascii	"Generated_Source\\PSoC5\\cymetadata.c\000"
 2174      72617465 
 2174      645F536F 
 2174      75726365 
 2174      5C50536F 
 2175              		.ident	"GCC: (GNU Tools for ARM Embedded Processors) 5.4.1 20160609 (release) [ARM/embedded-5-bran
