ARM GAS  C:\Users\Matteo\AppData\Local\Temp\ccOVejhh.s 			page 1


   1              		.syntax unified
   2              		.cpu cortex-m3
   3              		.fpu softvfp
   4              		.eabi_attribute 20, 1
   5              		.eabi_attribute 21, 1
   6              		.eabi_attribute 23, 3
   7              		.eabi_attribute 24, 1
   8              		.eabi_attribute 25, 1
   9              		.eabi_attribute 26, 1
  10              		.eabi_attribute 30, 1
  11              		.eabi_attribute 34, 1
  12              		.eabi_attribute 18, 4
  13              		.thumb
  14              		.syntax unified
  15              		.file	"I2C_Master.c"
  16              		.text
  17              	.Ltext0:
  18              		.cfi_sections	.debug_frame
  19              		.section	.text.I2C_Master_Init,"ax",%progbits
  20              		.align	2
  21              		.global	I2C_Master_Init
  22              		.thumb
  23              		.thumb_func
  24              		.type	I2C_Master_Init, %function
  25              	I2C_Master_Init:
  26              	.LFB0:
  27              		.file 1 "Generated_Source\\PSoC5\\I2C_Master.c"
   1:Generated_Source\PSoC5/I2C_Master.c **** /*******************************************************************************
   2:Generated_Source\PSoC5/I2C_Master.c **** * File Name: I2C_Master.c
   3:Generated_Source\PSoC5/I2C_Master.c **** * Version 3.50
   4:Generated_Source\PSoC5/I2C_Master.c **** *
   5:Generated_Source\PSoC5/I2C_Master.c **** * Description:
   6:Generated_Source\PSoC5/I2C_Master.c **** *  This file provides the source code of APIs for the I2C component.
   7:Generated_Source\PSoC5/I2C_Master.c **** *  The actual protocol and operation code resides in the interrupt service
   8:Generated_Source\PSoC5/I2C_Master.c **** *  routine file.
   9:Generated_Source\PSoC5/I2C_Master.c **** *
  10:Generated_Source\PSoC5/I2C_Master.c **** *******************************************************************************
  11:Generated_Source\PSoC5/I2C_Master.c **** * Copyright 2008-2015, Cypress Semiconductor Corporation. All rights reserved.
  12:Generated_Source\PSoC5/I2C_Master.c **** * You may use this file only in accordance with the license, terms, conditions,
  13:Generated_Source\PSoC5/I2C_Master.c **** * disclaimers, and limitations in the end user license agreement accompanying
  14:Generated_Source\PSoC5/I2C_Master.c **** * the software package with which this file was provided.
  15:Generated_Source\PSoC5/I2C_Master.c **** *******************************************************************************/
  16:Generated_Source\PSoC5/I2C_Master.c **** 
  17:Generated_Source\PSoC5/I2C_Master.c **** #include "I2C_Master_PVT.h"
  18:Generated_Source\PSoC5/I2C_Master.c **** 
  19:Generated_Source\PSoC5/I2C_Master.c **** 
  20:Generated_Source\PSoC5/I2C_Master.c **** /**********************************
  21:Generated_Source\PSoC5/I2C_Master.c **** *      System variables
  22:Generated_Source\PSoC5/I2C_Master.c **** **********************************/
  23:Generated_Source\PSoC5/I2C_Master.c **** 
  24:Generated_Source\PSoC5/I2C_Master.c **** uint8 I2C_Master_initVar = 0u; /* Defines if component was initialized */
  25:Generated_Source\PSoC5/I2C_Master.c **** 
  26:Generated_Source\PSoC5/I2C_Master.c **** volatile uint8 I2C_Master_state;  /* Current state of I2C FSM */
  27:Generated_Source\PSoC5/I2C_Master.c **** 
  28:Generated_Source\PSoC5/I2C_Master.c **** 
  29:Generated_Source\PSoC5/I2C_Master.c **** /*******************************************************************************
  30:Generated_Source\PSoC5/I2C_Master.c **** * Function Name: I2C_Master_Init
ARM GAS  C:\Users\Matteo\AppData\Local\Temp\ccOVejhh.s 			page 2


  31:Generated_Source\PSoC5/I2C_Master.c **** ********************************************************************************
  32:Generated_Source\PSoC5/I2C_Master.c **** *
  33:Generated_Source\PSoC5/I2C_Master.c **** * Summary:
  34:Generated_Source\PSoC5/I2C_Master.c **** *  Initializes I2C registers with initial values provided from customizer.
  35:Generated_Source\PSoC5/I2C_Master.c **** *
  36:Generated_Source\PSoC5/I2C_Master.c **** * Parameters:
  37:Generated_Source\PSoC5/I2C_Master.c **** *  None.
  38:Generated_Source\PSoC5/I2C_Master.c **** *
  39:Generated_Source\PSoC5/I2C_Master.c **** * Return:
  40:Generated_Source\PSoC5/I2C_Master.c **** *  None.
  41:Generated_Source\PSoC5/I2C_Master.c **** *
  42:Generated_Source\PSoC5/I2C_Master.c **** * Global variables:
  43:Generated_Source\PSoC5/I2C_Master.c **** *  None.
  44:Generated_Source\PSoC5/I2C_Master.c **** *
  45:Generated_Source\PSoC5/I2C_Master.c **** * Reentrant:
  46:Generated_Source\PSoC5/I2C_Master.c **** *  No.
  47:Generated_Source\PSoC5/I2C_Master.c **** *
  48:Generated_Source\PSoC5/I2C_Master.c **** *******************************************************************************/
  49:Generated_Source\PSoC5/I2C_Master.c **** void I2C_Master_Init(void) 
  50:Generated_Source\PSoC5/I2C_Master.c **** {
  28              		.loc 1 50 0
  29              		.cfi_startproc
  30              		@ args = 0, pretend = 0, frame = 0
  31              		@ frame_needed = 0, uses_anonymous_args = 0
  32 0000 10B5     		push	{r4, lr}
  33              		.cfi_def_cfa_offset 8
  34              		.cfi_offset 4, -8
  35              		.cfi_offset 14, -4
  51:Generated_Source\PSoC5/I2C_Master.c **** #if (I2C_Master_FF_IMPLEMENTED)
  52:Generated_Source\PSoC5/I2C_Master.c ****     /* Configure fixed function block */
  53:Generated_Source\PSoC5/I2C_Master.c ****     I2C_Master_CFG_REG  = I2C_Master_DEFAULT_CFG;
  36              		.loc 1 53 0
  37 0002 0222     		movs	r2, #2
  38 0004 114B     		ldr	r3, .L3
  39 0006 1A70     		strb	r2, [r3]
  54:Generated_Source\PSoC5/I2C_Master.c ****     I2C_Master_XCFG_REG = I2C_Master_DEFAULT_XCFG;
  40              		.loc 1 54 0
  41 0008 8122     		movs	r2, #129
  42 000a 0E3B     		subs	r3, r3, #14
  43 000c 1A70     		strb	r2, [r3]
  55:Generated_Source\PSoC5/I2C_Master.c ****     I2C_Master_ADDR_REG = I2C_Master_DEFAULT_ADDR;
  44              		.loc 1 55 0
  45 000e 0822     		movs	r2, #8
  46 0010 0233     		adds	r3, r3, #2
  47 0012 1A70     		strb	r2, [r3]
  56:Generated_Source\PSoC5/I2C_Master.c ****     I2C_Master_CLKDIV1_REG = LO8(I2C_Master_DEFAULT_DIVIDE_FACTOR);
  48              		.loc 1 56 0
  49 0014 0422     		movs	r2, #4
  50 0016 1133     		adds	r3, r3, #17
  51 0018 1A70     		strb	r2, [r3]
  57:Generated_Source\PSoC5/I2C_Master.c ****     I2C_Master_CLKDIV2_REG = HI8(I2C_Master_DEFAULT_DIVIDE_FACTOR);
  52              		.loc 1 57 0
  53 001a 0024     		movs	r4, #0
  54 001c 0133     		adds	r3, r3, #1
  55 001e 1C70     		strb	r4, [r3]
  58:Generated_Source\PSoC5/I2C_Master.c **** 
  59:Generated_Source\PSoC5/I2C_Master.c **** #else
ARM GAS  C:\Users\Matteo\AppData\Local\Temp\ccOVejhh.s 			page 3


  60:Generated_Source\PSoC5/I2C_Master.c ****     uint8 intState;
  61:Generated_Source\PSoC5/I2C_Master.c **** 
  62:Generated_Source\PSoC5/I2C_Master.c ****     /* Configure control and interrupt sources */
  63:Generated_Source\PSoC5/I2C_Master.c ****     I2C_Master_CFG_REG      = I2C_Master_DEFAULT_CFG;
  64:Generated_Source\PSoC5/I2C_Master.c ****     I2C_Master_INT_MASK_REG = I2C_Master_DEFAULT_INT_MASK;
  65:Generated_Source\PSoC5/I2C_Master.c **** 
  66:Generated_Source\PSoC5/I2C_Master.c ****     /* Enable interrupt generation in status */
  67:Generated_Source\PSoC5/I2C_Master.c ****     intState = CyEnterCriticalSection();
  68:Generated_Source\PSoC5/I2C_Master.c ****     I2C_Master_INT_ENABLE_REG |= I2C_Master_INTR_ENABLE;
  69:Generated_Source\PSoC5/I2C_Master.c ****     CyExitCriticalSection(intState);
  70:Generated_Source\PSoC5/I2C_Master.c **** 
  71:Generated_Source\PSoC5/I2C_Master.c ****     /* Configure bit counter */
  72:Generated_Source\PSoC5/I2C_Master.c ****     #if (I2C_Master_MODE_SLAVE_ENABLED)
  73:Generated_Source\PSoC5/I2C_Master.c ****         I2C_Master_PERIOD_REG = I2C_Master_DEFAULT_PERIOD;
  74:Generated_Source\PSoC5/I2C_Master.c ****     #endif  /* (I2C_Master_MODE_SLAVE_ENABLED) */
  75:Generated_Source\PSoC5/I2C_Master.c **** 
  76:Generated_Source\PSoC5/I2C_Master.c ****     /* Configure clock generator */
  77:Generated_Source\PSoC5/I2C_Master.c ****     #if (I2C_Master_MODE_MASTER_ENABLED)
  78:Generated_Source\PSoC5/I2C_Master.c ****         I2C_Master_MCLK_PRD_REG = I2C_Master_DEFAULT_MCLK_PRD;
  79:Generated_Source\PSoC5/I2C_Master.c ****         I2C_Master_MCLK_CMP_REG = I2C_Master_DEFAULT_MCLK_CMP;
  80:Generated_Source\PSoC5/I2C_Master.c ****     #endif /* (I2C_Master_MODE_MASTER_ENABLED) */
  81:Generated_Source\PSoC5/I2C_Master.c **** #endif /* (I2C_Master_FF_IMPLEMENTED) */
  82:Generated_Source\PSoC5/I2C_Master.c **** 
  83:Generated_Source\PSoC5/I2C_Master.c **** #if (I2C_Master_TIMEOUT_ENABLED)
  84:Generated_Source\PSoC5/I2C_Master.c ****     I2C_Master_TimeoutInit();
  85:Generated_Source\PSoC5/I2C_Master.c **** #endif /* (I2C_Master_TIMEOUT_ENABLED) */
  86:Generated_Source\PSoC5/I2C_Master.c **** 
  87:Generated_Source\PSoC5/I2C_Master.c ****     /* Configure internal interrupt */
  88:Generated_Source\PSoC5/I2C_Master.c ****     CyIntDisable    (I2C_Master_ISR_NUMBER);
  56              		.loc 1 88 0
  57 0020 4FF40042 		mov	r2, #32768
  58 0024 0A4B     		ldr	r3, .L3+4
  59 0026 1A60     		str	r2, [r3]
  89:Generated_Source\PSoC5/I2C_Master.c ****     CyIntSetPriority(I2C_Master_ISR_NUMBER, I2C_Master_ISR_PRIORITY);
  60              		.loc 1 89 0
  61 0028 2146     		mov	r1, r4
  62 002a 0F20     		movs	r0, #15
  63 002c FFF7FEFF 		bl	CyIntSetPriority
  64              	.LVL0:
  90:Generated_Source\PSoC5/I2C_Master.c ****     #if (I2C_Master_INTERN_I2C_INTR_HANDLER)
  91:Generated_Source\PSoC5/I2C_Master.c ****         (void) CyIntSetVector(I2C_Master_ISR_NUMBER, &I2C_Master_ISR);
  65              		.loc 1 91 0
  66 0030 0849     		ldr	r1, .L3+8
  67 0032 0F20     		movs	r0, #15
  68 0034 FFF7FEFF 		bl	CyIntSetVector
  69              	.LVL1:
  92:Generated_Source\PSoC5/I2C_Master.c ****     #endif /* (I2C_Master_INTERN_I2C_INTR_HANDLER) */
  93:Generated_Source\PSoC5/I2C_Master.c **** 
  94:Generated_Source\PSoC5/I2C_Master.c ****     /* Set FSM to default state */
  95:Generated_Source\PSoC5/I2C_Master.c ****     I2C_Master_state = I2C_Master_SM_IDLE;
  70              		.loc 1 95 0
  71 0038 1022     		movs	r2, #16
  72 003a 074B     		ldr	r3, .L3+12
  73 003c 1A70     		strb	r2, [r3]
  96:Generated_Source\PSoC5/I2C_Master.c **** 
  97:Generated_Source\PSoC5/I2C_Master.c **** #if (I2C_Master_MODE_SLAVE_ENABLED)
  98:Generated_Source\PSoC5/I2C_Master.c ****     /* Clear status and buffers index */
ARM GAS  C:\Users\Matteo\AppData\Local\Temp\ccOVejhh.s 			page 4


  99:Generated_Source\PSoC5/I2C_Master.c ****     I2C_Master_slStatus = 0u;
 100:Generated_Source\PSoC5/I2C_Master.c ****     I2C_Master_slRdBufIndex = 0u;
 101:Generated_Source\PSoC5/I2C_Master.c ****     I2C_Master_slWrBufIndex = 0u;
 102:Generated_Source\PSoC5/I2C_Master.c **** 
 103:Generated_Source\PSoC5/I2C_Master.c ****     /* Configure matched address */
 104:Generated_Source\PSoC5/I2C_Master.c ****     I2C_Master_SlaveSetAddress(I2C_Master_DEFAULT_ADDR);
 105:Generated_Source\PSoC5/I2C_Master.c **** #endif /* (I2C_Master_MODE_SLAVE_ENABLED) */
 106:Generated_Source\PSoC5/I2C_Master.c **** 
 107:Generated_Source\PSoC5/I2C_Master.c **** #if (I2C_Master_MODE_MASTER_ENABLED)
 108:Generated_Source\PSoC5/I2C_Master.c ****     /* Clear status and buffers index */
 109:Generated_Source\PSoC5/I2C_Master.c ****     I2C_Master_mstrStatus = 0u;
  74              		.loc 1 109 0
  75 003e 074B     		ldr	r3, .L3+16
  76 0040 1C70     		strb	r4, [r3]
 110:Generated_Source\PSoC5/I2C_Master.c ****     I2C_Master_mstrRdBufIndex = 0u;
  77              		.loc 1 110 0
  78 0042 074B     		ldr	r3, .L3+20
  79 0044 1C70     		strb	r4, [r3]
 111:Generated_Source\PSoC5/I2C_Master.c ****     I2C_Master_mstrWrBufIndex = 0u;
  80              		.loc 1 111 0
  81 0046 074B     		ldr	r3, .L3+24
  82 0048 1C70     		strb	r4, [r3]
  83 004a 10BD     		pop	{r4, pc}
  84              	.L4:
  85              		.align	2
  86              	.L3:
  87 004c D6490040 		.word	1073760726
  88 0050 80E100E0 		.word	-536813184
  89 0054 00000000 		.word	I2C_Master_ISR
  90 0058 00000000 		.word	I2C_Master_state
  91 005c 00000000 		.word	I2C_Master_mstrStatus
  92 0060 00000000 		.word	I2C_Master_mstrRdBufIndex
  93 0064 00000000 		.word	I2C_Master_mstrWrBufIndex
  94              		.cfi_endproc
  95              	.LFE0:
  96              		.size	I2C_Master_Init, .-I2C_Master_Init
  97              		.section	.text.I2C_Master_Enable,"ax",%progbits
  98              		.align	2
  99              		.global	I2C_Master_Enable
 100              		.thumb
 101              		.thumb_func
 102              		.type	I2C_Master_Enable, %function
 103              	I2C_Master_Enable:
 104              	.LFB1:
 112:Generated_Source\PSoC5/I2C_Master.c **** #endif /* (I2C_Master_MODE_MASTER_ENABLED) */
 113:Generated_Source\PSoC5/I2C_Master.c **** }
 114:Generated_Source\PSoC5/I2C_Master.c **** 
 115:Generated_Source\PSoC5/I2C_Master.c **** 
 116:Generated_Source\PSoC5/I2C_Master.c **** /*******************************************************************************
 117:Generated_Source\PSoC5/I2C_Master.c **** * Function Name: I2C_Master_Enable
 118:Generated_Source\PSoC5/I2C_Master.c **** ********************************************************************************
 119:Generated_Source\PSoC5/I2C_Master.c **** *
 120:Generated_Source\PSoC5/I2C_Master.c **** * Summary:
 121:Generated_Source\PSoC5/I2C_Master.c **** *  Enables I2C operations.
 122:Generated_Source\PSoC5/I2C_Master.c **** *
 123:Generated_Source\PSoC5/I2C_Master.c **** * Parameters:
 124:Generated_Source\PSoC5/I2C_Master.c **** *  None.
ARM GAS  C:\Users\Matteo\AppData\Local\Temp\ccOVejhh.s 			page 5


 125:Generated_Source\PSoC5/I2C_Master.c **** *
 126:Generated_Source\PSoC5/I2C_Master.c **** * Return:
 127:Generated_Source\PSoC5/I2C_Master.c **** *  None.
 128:Generated_Source\PSoC5/I2C_Master.c **** *
 129:Generated_Source\PSoC5/I2C_Master.c **** * Global variables:
 130:Generated_Source\PSoC5/I2C_Master.c **** *  None.
 131:Generated_Source\PSoC5/I2C_Master.c **** *
 132:Generated_Source\PSoC5/I2C_Master.c **** *******************************************************************************/
 133:Generated_Source\PSoC5/I2C_Master.c **** void I2C_Master_Enable(void) 
 134:Generated_Source\PSoC5/I2C_Master.c **** {
 105              		.loc 1 134 0
 106              		.cfi_startproc
 107              		@ args = 0, pretend = 0, frame = 0
 108              		@ frame_needed = 0, uses_anonymous_args = 0
 109 0000 08B5     		push	{r3, lr}
 110              		.cfi_def_cfa_offset 8
 111              		.cfi_offset 3, -8
 112              		.cfi_offset 14, -4
 135:Generated_Source\PSoC5/I2C_Master.c **** #if (I2C_Master_FF_IMPLEMENTED)
 136:Generated_Source\PSoC5/I2C_Master.c ****     uint8 intState;
 137:Generated_Source\PSoC5/I2C_Master.c **** 
 138:Generated_Source\PSoC5/I2C_Master.c ****     /* Enable power to block */
 139:Generated_Source\PSoC5/I2C_Master.c ****     intState = CyEnterCriticalSection();
 113              		.loc 1 139 0
 114 0002 FFF7FEFF 		bl	CyEnterCriticalSection
 115              	.LVL2:
 140:Generated_Source\PSoC5/I2C_Master.c ****     I2C_Master_ACT_PWRMGR_REG  |= I2C_Master_ACT_PWR_EN;
 116              		.loc 1 140 0
 117 0006 064A     		ldr	r2, .L7
 118 0008 1378     		ldrb	r3, [r2]	@ zero_extendqisi2
 119 000a 43F00403 		orr	r3, r3, #4
 120 000e 1370     		strb	r3, [r2]
 141:Generated_Source\PSoC5/I2C_Master.c ****     I2C_Master_STBY_PWRMGR_REG |= I2C_Master_STBY_PWR_EN;
 121              		.loc 1 141 0
 122 0010 1032     		adds	r2, r2, #16
 123 0012 1378     		ldrb	r3, [r2]	@ zero_extendqisi2
 124 0014 43F00403 		orr	r3, r3, #4
 125 0018 1370     		strb	r3, [r2]
 142:Generated_Source\PSoC5/I2C_Master.c ****     CyExitCriticalSection(intState);
 126              		.loc 1 142 0
 127 001a FFF7FEFF 		bl	CyExitCriticalSection
 128              	.LVL3:
 129 001e 08BD     		pop	{r3, pc}
 130              	.L8:
 131              		.align	2
 132              	.L7:
 133 0020 A5430040 		.word	1073759141
 134              		.cfi_endproc
 135              	.LFE1:
 136              		.size	I2C_Master_Enable, .-I2C_Master_Enable
 137              		.section	.text.I2C_Master_Start,"ax",%progbits
 138              		.align	2
 139              		.global	I2C_Master_Start
 140              		.thumb
 141              		.thumb_func
 142              		.type	I2C_Master_Start, %function
 143              	I2C_Master_Start:
ARM GAS  C:\Users\Matteo\AppData\Local\Temp\ccOVejhh.s 			page 6


 144              	.LFB2:
 143:Generated_Source\PSoC5/I2C_Master.c **** #else
 144:Generated_Source\PSoC5/I2C_Master.c ****     #if (I2C_Master_MODE_SLAVE_ENABLED)
 145:Generated_Source\PSoC5/I2C_Master.c ****         /* Enable bit counter */
 146:Generated_Source\PSoC5/I2C_Master.c ****         uint8 intState = CyEnterCriticalSection();
 147:Generated_Source\PSoC5/I2C_Master.c ****         I2C_Master_COUNTER_AUX_CTL_REG |= I2C_Master_CNT7_ENABLE;
 148:Generated_Source\PSoC5/I2C_Master.c ****         CyExitCriticalSection(intState);
 149:Generated_Source\PSoC5/I2C_Master.c ****     #endif /* (I2C_Master_MODE_SLAVE_ENABLED) */
 150:Generated_Source\PSoC5/I2C_Master.c **** 
 151:Generated_Source\PSoC5/I2C_Master.c ****     /* Enable slave or master bits */
 152:Generated_Source\PSoC5/I2C_Master.c ****     I2C_Master_CFG_REG |= I2C_Master_ENABLE_MS;
 153:Generated_Source\PSoC5/I2C_Master.c **** #endif /* (I2C_Master_FF_IMPLEMENTED) */
 154:Generated_Source\PSoC5/I2C_Master.c **** 
 155:Generated_Source\PSoC5/I2C_Master.c **** #if (I2C_Master_TIMEOUT_ENABLED)
 156:Generated_Source\PSoC5/I2C_Master.c ****     I2C_Master_TimeoutEnable();
 157:Generated_Source\PSoC5/I2C_Master.c **** #endif /* (I2C_Master_TIMEOUT_ENABLED) */
 158:Generated_Source\PSoC5/I2C_Master.c **** }
 159:Generated_Source\PSoC5/I2C_Master.c **** 
 160:Generated_Source\PSoC5/I2C_Master.c **** 
 161:Generated_Source\PSoC5/I2C_Master.c **** /*******************************************************************************
 162:Generated_Source\PSoC5/I2C_Master.c **** * Function Name: I2C_Master_Start
 163:Generated_Source\PSoC5/I2C_Master.c **** ********************************************************************************
 164:Generated_Source\PSoC5/I2C_Master.c **** *
 165:Generated_Source\PSoC5/I2C_Master.c **** * Summary:
 166:Generated_Source\PSoC5/I2C_Master.c **** *  Starts the I2C hardware. Enables Active mode power template bits or clock
 167:Generated_Source\PSoC5/I2C_Master.c **** *  gating as appropriate. It is required to be executed before I2C bus
 168:Generated_Source\PSoC5/I2C_Master.c **** *  operation.
 169:Generated_Source\PSoC5/I2C_Master.c **** *
 170:Generated_Source\PSoC5/I2C_Master.c **** * Parameters:
 171:Generated_Source\PSoC5/I2C_Master.c **** *  None.
 172:Generated_Source\PSoC5/I2C_Master.c **** *
 173:Generated_Source\PSoC5/I2C_Master.c **** * Return:
 174:Generated_Source\PSoC5/I2C_Master.c **** *  None.
 175:Generated_Source\PSoC5/I2C_Master.c **** *
 176:Generated_Source\PSoC5/I2C_Master.c **** * Side Effects:
 177:Generated_Source\PSoC5/I2C_Master.c **** *  This component automatically enables its interrupt.  If I2C is enabled !
 178:Generated_Source\PSoC5/I2C_Master.c **** *  without the interrupt enabled, it can lock up the I2C bus.
 179:Generated_Source\PSoC5/I2C_Master.c **** *
 180:Generated_Source\PSoC5/I2C_Master.c **** * Global variables:
 181:Generated_Source\PSoC5/I2C_Master.c **** *  I2C_Master_initVar - This variable is used to check the initial
 182:Generated_Source\PSoC5/I2C_Master.c **** *                             configuration, modified on the first
 183:Generated_Source\PSoC5/I2C_Master.c **** *                             function call.
 184:Generated_Source\PSoC5/I2C_Master.c **** *
 185:Generated_Source\PSoC5/I2C_Master.c **** * Reentrant:
 186:Generated_Source\PSoC5/I2C_Master.c **** *  No.
 187:Generated_Source\PSoC5/I2C_Master.c **** *
 188:Generated_Source\PSoC5/I2C_Master.c **** *******************************************************************************/
 189:Generated_Source\PSoC5/I2C_Master.c **** void I2C_Master_Start(void) 
 190:Generated_Source\PSoC5/I2C_Master.c **** {
 145              		.loc 1 190 0
 146              		.cfi_startproc
 147              		@ args = 0, pretend = 0, frame = 0
 148              		@ frame_needed = 0, uses_anonymous_args = 0
 149 0000 08B5     		push	{r3, lr}
 150              		.cfi_def_cfa_offset 8
 151              		.cfi_offset 3, -8
 152              		.cfi_offset 14, -4
ARM GAS  C:\Users\Matteo\AppData\Local\Temp\ccOVejhh.s 			page 7


 191:Generated_Source\PSoC5/I2C_Master.c ****     if (0u == I2C_Master_initVar)
 153              		.loc 1 191 0
 154 0002 074B     		ldr	r3, .L12
 155 0004 1B78     		ldrb	r3, [r3]	@ zero_extendqisi2
 156 0006 23B9     		cbnz	r3, .L10
 192:Generated_Source\PSoC5/I2C_Master.c ****     {
 193:Generated_Source\PSoC5/I2C_Master.c ****         I2C_Master_Init();
 157              		.loc 1 193 0
 158 0008 FFF7FEFF 		bl	I2C_Master_Init
 159              	.LVL4:
 194:Generated_Source\PSoC5/I2C_Master.c ****         I2C_Master_initVar = 1u; /* Component initialized */
 160              		.loc 1 194 0
 161 000c 0122     		movs	r2, #1
 162 000e 044B     		ldr	r3, .L12
 163 0010 1A70     		strb	r2, [r3]
 164              	.L10:
 195:Generated_Source\PSoC5/I2C_Master.c ****     }
 196:Generated_Source\PSoC5/I2C_Master.c **** 
 197:Generated_Source\PSoC5/I2C_Master.c ****     I2C_Master_Enable();
 165              		.loc 1 197 0
 166 0012 FFF7FEFF 		bl	I2C_Master_Enable
 167              	.LVL5:
 198:Generated_Source\PSoC5/I2C_Master.c ****     I2C_Master_EnableInt();
 168              		.loc 1 198 0
 169 0016 4FF40042 		mov	r2, #32768
 170 001a 024B     		ldr	r3, .L12+4
 171 001c 1A60     		str	r2, [r3]
 172 001e 08BD     		pop	{r3, pc}
 173              	.L13:
 174              		.align	2
 175              	.L12:
 176 0020 00000000 		.word	.LANCHOR0
 177 0024 00E100E0 		.word	-536813312
 178              		.cfi_endproc
 179              	.LFE2:
 180              		.size	I2C_Master_Start, .-I2C_Master_Start
 181              		.section	.text.I2C_Master_Stop,"ax",%progbits
 182              		.align	2
 183              		.global	I2C_Master_Stop
 184              		.thumb
 185              		.thumb_func
 186              		.type	I2C_Master_Stop, %function
 187              	I2C_Master_Stop:
 188              	.LFB3:
 199:Generated_Source\PSoC5/I2C_Master.c **** }
 200:Generated_Source\PSoC5/I2C_Master.c **** 
 201:Generated_Source\PSoC5/I2C_Master.c **** 
 202:Generated_Source\PSoC5/I2C_Master.c **** /*******************************************************************************
 203:Generated_Source\PSoC5/I2C_Master.c **** * Function Name: I2C_Master_Stop
 204:Generated_Source\PSoC5/I2C_Master.c **** ********************************************************************************
 205:Generated_Source\PSoC5/I2C_Master.c **** *
 206:Generated_Source\PSoC5/I2C_Master.c **** * Summary:
 207:Generated_Source\PSoC5/I2C_Master.c **** *  Disables I2C hardware and disables I2C interrupt. Disables Active mode power
 208:Generated_Source\PSoC5/I2C_Master.c **** *  template bits or clock gating as appropriate.
 209:Generated_Source\PSoC5/I2C_Master.c **** *
 210:Generated_Source\PSoC5/I2C_Master.c **** * Parameters:
 211:Generated_Source\PSoC5/I2C_Master.c **** *  None.
ARM GAS  C:\Users\Matteo\AppData\Local\Temp\ccOVejhh.s 			page 8


 212:Generated_Source\PSoC5/I2C_Master.c **** *
 213:Generated_Source\PSoC5/I2C_Master.c **** * Return:
 214:Generated_Source\PSoC5/I2C_Master.c **** *  None.
 215:Generated_Source\PSoC5/I2C_Master.c **** *
 216:Generated_Source\PSoC5/I2C_Master.c **** *******************************************************************************/
 217:Generated_Source\PSoC5/I2C_Master.c **** void I2C_Master_Stop(void) 
 218:Generated_Source\PSoC5/I2C_Master.c **** {
 189              		.loc 1 218 0
 190              		.cfi_startproc
 191              		@ args = 0, pretend = 0, frame = 0
 192              		@ frame_needed = 0, uses_anonymous_args = 0
 193 0000 2DE9F843 		push	{r3, r4, r5, r6, r7, r8, r9, lr}
 194              		.cfi_def_cfa_offset 32
 195              		.cfi_offset 3, -32
 196              		.cfi_offset 4, -28
 197              		.cfi_offset 5, -24
 198              		.cfi_offset 6, -20
 199              		.cfi_offset 7, -16
 200              		.cfi_offset 8, -12
 201              		.cfi_offset 9, -8
 202              		.cfi_offset 14, -4
 219:Generated_Source\PSoC5/I2C_Master.c ****     I2C_Master_DisableInt();
 203              		.loc 1 219 0
 204 0004 4FF40049 		mov	r9, #32768
 205 0008 214B     		ldr	r3, .L16
 206 000a C3F80090 		str	r9, [r3]
 207              	.LBB2:
 220:Generated_Source\PSoC5/I2C_Master.c **** 
 221:Generated_Source\PSoC5/I2C_Master.c **** #if (I2C_Master_TIMEOUT_ENABLED)
 222:Generated_Source\PSoC5/I2C_Master.c ****     I2C_Master_TimeoutStop();
 223:Generated_Source\PSoC5/I2C_Master.c **** #endif  /* End (I2C_Master_TIMEOUT_ENABLED) */
 224:Generated_Source\PSoC5/I2C_Master.c **** 
 225:Generated_Source\PSoC5/I2C_Master.c **** #if (I2C_Master_FF_IMPLEMENTED)
 226:Generated_Source\PSoC5/I2C_Master.c ****     {
 227:Generated_Source\PSoC5/I2C_Master.c ****         uint8 intState;
 228:Generated_Source\PSoC5/I2C_Master.c ****         uint16 blockResetCycles;
 229:Generated_Source\PSoC5/I2C_Master.c **** 
 230:Generated_Source\PSoC5/I2C_Master.c ****         /* Store registers effected by block disable */
 231:Generated_Source\PSoC5/I2C_Master.c ****         I2C_Master_backup.addr    = I2C_Master_ADDR_REG;
 208              		.loc 1 231 0
 209 000e DFF8A080 		ldr	r8, .L16+32
 210 0012 98F80030 		ldrb	r3, [r8]	@ zero_extendqisi2
 211 0016 1F4C     		ldr	r4, .L16+4
 212 0018 E370     		strb	r3, [r4, #3]
 232:Generated_Source\PSoC5/I2C_Master.c ****         I2C_Master_backup.clkDiv1 = I2C_Master_CLKDIV1_REG;
 213              		.loc 1 232 0
 214 001a 1F4F     		ldr	r7, .L16+8
 215 001c 3B78     		ldrb	r3, [r7]	@ zero_extendqisi2
 216 001e 2371     		strb	r3, [r4, #4]
 233:Generated_Source\PSoC5/I2C_Master.c ****         I2C_Master_backup.clkDiv2 = I2C_Master_CLKDIV2_REG;
 217              		.loc 1 233 0
 218 0020 1E4E     		ldr	r6, .L16+12
 219 0022 3378     		ldrb	r3, [r6]	@ zero_extendqisi2
 220 0024 6371     		strb	r3, [r4, #5]
 234:Generated_Source\PSoC5/I2C_Master.c **** 
 235:Generated_Source\PSoC5/I2C_Master.c ****         /* Calculate number of cycles to reset block */
 236:Generated_Source\PSoC5/I2C_Master.c ****         blockResetCycles = ((uint16) ((uint16) I2C_Master_CLKDIV2_REG << 8u) | I2C_Master_CLKDIV1_R
ARM GAS  C:\Users\Matteo\AppData\Local\Temp\ccOVejhh.s 			page 9


 221              		.loc 1 236 0
 222 0026 3078     		ldrb	r0, [r6]	@ zero_extendqisi2
 223 0028 3B78     		ldrb	r3, [r7]	@ zero_extendqisi2
 224 002a 43EA0020 		orr	r0, r3, r0, lsl #8
 225 002e 0130     		adds	r0, r0, #1
 226              	.LVL6:
 237:Generated_Source\PSoC5/I2C_Master.c **** 
 238:Generated_Source\PSoC5/I2C_Master.c ****         /* Disable block */
 239:Generated_Source\PSoC5/I2C_Master.c ****         I2C_Master_CFG_REG &= (uint8) ~I2C_Master_CFG_EN_SLAVE;
 227              		.loc 1 239 0
 228 0030 1B4D     		ldr	r5, .L16+16
 229 0032 2B78     		ldrb	r3, [r5]	@ zero_extendqisi2
 230 0034 03F0FE03 		and	r3, r3, #254
 231 0038 2B70     		strb	r3, [r5]
 240:Generated_Source\PSoC5/I2C_Master.c ****         /* Wait for block reset before disable power */
 241:Generated_Source\PSoC5/I2C_Master.c ****         CyDelayCycles((uint32) blockResetCycles);
 232              		.loc 1 241 0
 233 003a 80B2     		uxth	r0, r0
 234 003c FFF7FEFF 		bl	CyDelayCycles
 235              	.LVL7:
 242:Generated_Source\PSoC5/I2C_Master.c **** 
 243:Generated_Source\PSoC5/I2C_Master.c ****         /* Disable power to block */
 244:Generated_Source\PSoC5/I2C_Master.c ****         intState = CyEnterCriticalSection();
 236              		.loc 1 244 0
 237 0040 FFF7FEFF 		bl	CyEnterCriticalSection
 238              	.LVL8:
 245:Generated_Source\PSoC5/I2C_Master.c ****         I2C_Master_ACT_PWRMGR_REG  &= (uint8) ~I2C_Master_ACT_PWR_EN;
 239              		.loc 1 245 0
 240 0044 174A     		ldr	r2, .L16+20
 241 0046 1378     		ldrb	r3, [r2]	@ zero_extendqisi2
 242 0048 03F0FB03 		and	r3, r3, #251
 243 004c 1370     		strb	r3, [r2]
 246:Generated_Source\PSoC5/I2C_Master.c ****         I2C_Master_STBY_PWRMGR_REG &= (uint8) ~I2C_Master_STBY_PWR_EN;
 244              		.loc 1 246 0
 245 004e 1032     		adds	r2, r2, #16
 246 0050 1378     		ldrb	r3, [r2]	@ zero_extendqisi2
 247 0052 03F0FB03 		and	r3, r3, #251
 248 0056 1370     		strb	r3, [r2]
 247:Generated_Source\PSoC5/I2C_Master.c ****         CyExitCriticalSection(intState);
 249              		.loc 1 247 0
 250 0058 FFF7FEFF 		bl	CyExitCriticalSection
 251              	.LVL9:
 248:Generated_Source\PSoC5/I2C_Master.c **** 
 249:Generated_Source\PSoC5/I2C_Master.c ****         /* Enable block */
 250:Generated_Source\PSoC5/I2C_Master.c ****         I2C_Master_CFG_REG |= (uint8) I2C_Master_ENABLE_MS;
 252              		.loc 1 250 0
 253 005c 2B78     		ldrb	r3, [r5]	@ zero_extendqisi2
 254 005e 43F00203 		orr	r3, r3, #2
 255 0062 2B70     		strb	r3, [r5]
 251:Generated_Source\PSoC5/I2C_Master.c **** 
 252:Generated_Source\PSoC5/I2C_Master.c ****         /* Restore registers effected by block disable. Ticket ID#198004 */
 253:Generated_Source\PSoC5/I2C_Master.c ****         I2C_Master_ADDR_REG    = I2C_Master_backup.addr;
 256              		.loc 1 253 0
 257 0064 E378     		ldrb	r3, [r4, #3]	@ zero_extendqisi2
 258 0066 88F80030 		strb	r3, [r8]
 254:Generated_Source\PSoC5/I2C_Master.c ****         I2C_Master_ADDR_REG    = I2C_Master_backup.addr;
 259              		.loc 1 254 0
ARM GAS  C:\Users\Matteo\AppData\Local\Temp\ccOVejhh.s 			page 10


 260 006a E378     		ldrb	r3, [r4, #3]	@ zero_extendqisi2
 261 006c 88F80030 		strb	r3, [r8]
 255:Generated_Source\PSoC5/I2C_Master.c ****         I2C_Master_CLKDIV1_REG = I2C_Master_backup.clkDiv1;
 262              		.loc 1 255 0
 263 0070 2379     		ldrb	r3, [r4, #4]	@ zero_extendqisi2
 264 0072 3B70     		strb	r3, [r7]
 256:Generated_Source\PSoC5/I2C_Master.c ****         I2C_Master_CLKDIV2_REG = I2C_Master_backup.clkDiv2;
 265              		.loc 1 256 0
 266 0074 6379     		ldrb	r3, [r4, #5]	@ zero_extendqisi2
 267 0076 3370     		strb	r3, [r6]
 268              	.LBE2:
 257:Generated_Source\PSoC5/I2C_Master.c ****     }
 258:Generated_Source\PSoC5/I2C_Master.c **** #else
 259:Generated_Source\PSoC5/I2C_Master.c **** 
 260:Generated_Source\PSoC5/I2C_Master.c ****     /* Disable slave or master bits */
 261:Generated_Source\PSoC5/I2C_Master.c ****     I2C_Master_CFG_REG &= (uint8) ~I2C_Master_ENABLE_MS;
 262:Generated_Source\PSoC5/I2C_Master.c **** 
 263:Generated_Source\PSoC5/I2C_Master.c **** #if (I2C_Master_MODE_SLAVE_ENABLED)
 264:Generated_Source\PSoC5/I2C_Master.c ****     {
 265:Generated_Source\PSoC5/I2C_Master.c ****         /* Disable bit counter */
 266:Generated_Source\PSoC5/I2C_Master.c ****         uint8 intState = CyEnterCriticalSection();
 267:Generated_Source\PSoC5/I2C_Master.c ****         I2C_Master_COUNTER_AUX_CTL_REG &= (uint8) ~I2C_Master_CNT7_ENABLE;
 268:Generated_Source\PSoC5/I2C_Master.c ****         CyExitCriticalSection(intState);
 269:Generated_Source\PSoC5/I2C_Master.c ****     }
 270:Generated_Source\PSoC5/I2C_Master.c **** #endif /* (I2C_Master_MODE_SLAVE_ENABLED) */
 271:Generated_Source\PSoC5/I2C_Master.c **** 
 272:Generated_Source\PSoC5/I2C_Master.c ****     /* Clear interrupt source register */
 273:Generated_Source\PSoC5/I2C_Master.c ****     (void) I2C_Master_CSR_REG;
 274:Generated_Source\PSoC5/I2C_Master.c **** #endif /* (I2C_Master_FF_IMPLEMENTED) */
 275:Generated_Source\PSoC5/I2C_Master.c **** 
 276:Generated_Source\PSoC5/I2C_Master.c ****     /* Disable interrupt on stop (enabled by write transaction) */
 277:Generated_Source\PSoC5/I2C_Master.c ****     I2C_Master_DISABLE_INT_ON_STOP;
 269              		.loc 1 277 0
 270 0078 2B78     		ldrb	r3, [r5]	@ zero_extendqisi2
 271 007a 03F0EF03 		and	r3, r3, #239
 272 007e 2B70     		strb	r3, [r5]
 278:Generated_Source\PSoC5/I2C_Master.c ****     I2C_Master_ClearPendingInt();
 273              		.loc 1 278 0
 274 0080 094B     		ldr	r3, .L16+24
 275 0082 C3F80090 		str	r9, [r3]
 279:Generated_Source\PSoC5/I2C_Master.c **** 
 280:Generated_Source\PSoC5/I2C_Master.c ****     /* Reset FSM to default state */
 281:Generated_Source\PSoC5/I2C_Master.c ****     I2C_Master_state = I2C_Master_SM_IDLE;
 276              		.loc 1 281 0
 277 0086 1022     		movs	r2, #16
 278 0088 084B     		ldr	r3, .L16+28
 279 008a 1A70     		strb	r2, [r3]
 280 008c BDE8F883 		pop	{r3, r4, r5, r6, r7, r8, r9, pc}
 281              	.L17:
 282              		.align	2
 283              	.L16:
 284 0090 80E100E0 		.word	-536813184
 285 0094 00000000 		.word	I2C_Master_backup
 286 0098 DB490040 		.word	1073760731
 287 009c DC490040 		.word	1073760732
 288 00a0 D6490040 		.word	1073760726
 289 00a4 A5430040 		.word	1073759141
ARM GAS  C:\Users\Matteo\AppData\Local\Temp\ccOVejhh.s 			page 11


 290 00a8 80E200E0 		.word	-536812928
 291 00ac 00000000 		.word	I2C_Master_state
 292 00b0 CA490040 		.word	1073760714
 293              		.cfi_endproc
 294              	.LFE3:
 295              		.size	I2C_Master_Stop, .-I2C_Master_Stop
 296              		.comm	I2C_Master_state,1,1
 297              		.global	I2C_Master_initVar
 298              		.bss
 299              		.set	.LANCHOR0,. + 0
 300              		.type	I2C_Master_initVar, %object
 301              		.size	I2C_Master_initVar, 1
 302              	I2C_Master_initVar:
 303 0000 00       		.space	1
 304              		.text
 305              	.Letext0:
 306              		.file 2 "Generated_Source\\PSoC5\\cytypes.h"
 307              		.file 3 "Generated_Source\\PSoC5\\I2C_Master.h"
 308              		.file 4 "Generated_Source\\PSoC5\\I2C_Master_PVT.h"
 309              		.file 5 "Generated_Source\\PSoC5\\CyLib.h"
 310              		.section	.debug_info,"",%progbits
 311              	.Ldebug_info0:
 312 0000 A8020000 		.4byte	0x2a8
 313 0004 0400     		.2byte	0x4
 314 0006 00000000 		.4byte	.Ldebug_abbrev0
 315 000a 04       		.byte	0x4
 316 000b 01       		.uleb128 0x1
 317 000c E8000000 		.4byte	.LASF42
 318 0010 0C       		.byte	0xc
 319 0011 61000000 		.4byte	.LASF43
 320 0015 5B020000 		.4byte	.LASF44
 321 0019 00000000 		.4byte	.Ldebug_ranges0+0
 322 001d 00000000 		.4byte	0
 323 0021 00000000 		.4byte	.Ldebug_line0
 324 0025 02       		.uleb128 0x2
 325 0026 01       		.byte	0x1
 326 0027 06       		.byte	0x6
 327 0028 1F030000 		.4byte	.LASF0
 328 002c 02       		.uleb128 0x2
 329 002d 01       		.byte	0x1
 330 002e 08       		.byte	0x8
 331 002f DA000000 		.4byte	.LASF1
 332 0033 02       		.uleb128 0x2
 333 0034 02       		.byte	0x2
 334 0035 05       		.byte	0x5
 335 0036 E8020000 		.4byte	.LASF2
 336 003a 02       		.uleb128 0x2
 337 003b 02       		.byte	0x2
 338 003c 07       		.byte	0x7
 339 003d 4E000000 		.4byte	.LASF3
 340 0041 02       		.uleb128 0x2
 341 0042 04       		.byte	0x4
 342 0043 05       		.byte	0x5
 343 0044 F8020000 		.4byte	.LASF4
 344 0048 02       		.uleb128 0x2
 345 0049 04       		.byte	0x4
 346 004a 07       		.byte	0x7
ARM GAS  C:\Users\Matteo\AppData\Local\Temp\ccOVejhh.s 			page 12


 347 004b 7B010000 		.4byte	.LASF5
 348 004f 02       		.uleb128 0x2
 349 0050 08       		.byte	0x8
 350 0051 05       		.byte	0x5
 351 0052 B6020000 		.4byte	.LASF6
 352 0056 02       		.uleb128 0x2
 353 0057 08       		.byte	0x8
 354 0058 07       		.byte	0x7
 355 0059 C3000000 		.4byte	.LASF7
 356 005d 03       		.uleb128 0x3
 357 005e 04       		.byte	0x4
 358 005f 05       		.byte	0x5
 359 0060 696E7400 		.ascii	"int\000"
 360 0064 02       		.uleb128 0x2
 361 0065 04       		.byte	0x4
 362 0066 07       		.byte	0x7
 363 0067 DC010000 		.4byte	.LASF8
 364 006b 04       		.uleb128 0x4
 365 006c F2020000 		.4byte	.LASF9
 366 0070 02       		.byte	0x2
 367 0071 E801     		.2byte	0x1e8
 368 0073 2C000000 		.4byte	0x2c
 369 0077 04       		.uleb128 0x4
 370 0078 C5010000 		.4byte	.LASF10
 371 007c 02       		.byte	0x2
 372 007d E901     		.2byte	0x1e9
 373 007f 3A000000 		.4byte	0x3a
 374 0083 04       		.uleb128 0x4
 375 0084 CC010000 		.4byte	.LASF11
 376 0088 02       		.byte	0x2
 377 0089 EA01     		.2byte	0x1ea
 378 008b 48000000 		.4byte	0x48
 379 008f 02       		.uleb128 0x2
 380 0090 04       		.byte	0x4
 381 0091 04       		.byte	0x4
 382 0092 19030000 		.4byte	.LASF12
 383 0096 02       		.uleb128 0x2
 384 0097 08       		.byte	0x8
 385 0098 04       		.byte	0x4
 386 0099 85000000 		.4byte	.LASF13
 387 009d 02       		.uleb128 0x2
 388 009e 01       		.byte	0x1
 389 009f 08       		.byte	0x8
 390 00a0 DE020000 		.4byte	.LASF14
 391 00a4 04       		.uleb128 0x4
 392 00a5 76010000 		.4byte	.LASF15
 393 00a9 02       		.byte	0x2
 394 00aa 9202     		.2byte	0x292
 395 00ac B0000000 		.4byte	0xb0
 396 00b0 05       		.uleb128 0x5
 397 00b1 6B000000 		.4byte	0x6b
 398 00b5 04       		.uleb128 0x4
 399 00b6 0E000000 		.4byte	.LASF16
 400 00ba 02       		.byte	0x2
 401 00bb 9402     		.2byte	0x294
 402 00bd C1000000 		.4byte	0xc1
 403 00c1 05       		.uleb128 0x5
ARM GAS  C:\Users\Matteo\AppData\Local\Temp\ccOVejhh.s 			page 13


 404 00c2 83000000 		.4byte	0x83
 405 00c6 02       		.uleb128 0x2
 406 00c7 08       		.byte	0x8
 407 00c8 04       		.byte	0x4
 408 00c9 0D030000 		.4byte	.LASF17
 409 00cd 02       		.uleb128 0x2
 410 00ce 04       		.byte	0x4
 411 00cf 07       		.byte	0x7
 412 00d0 AD020000 		.4byte	.LASF18
 413 00d4 06       		.uleb128 0x6
 414 00d5 06       		.byte	0x6
 415 00d6 03       		.byte	0x3
 416 00d7 76       		.byte	0x76
 417 00d8 25010000 		.4byte	0x125
 418 00dc 07       		.uleb128 0x7
 419 00dd 01030000 		.4byte	.LASF19
 420 00e1 03       		.byte	0x3
 421 00e2 78       		.byte	0x78
 422 00e3 6B000000 		.4byte	0x6b
 423 00e7 00       		.byte	0
 424 00e8 07       		.uleb128 0x7
 425 00e9 E3020000 		.4byte	.LASF20
 426 00ed 03       		.byte	0x3
 427 00ee 7B       		.byte	0x7b
 428 00ef 6B000000 		.4byte	0x6b
 429 00f3 01       		.byte	0x1
 430 00f4 08       		.uleb128 0x8
 431 00f5 63666700 		.ascii	"cfg\000"
 432 00f9 03       		.byte	0x3
 433 00fa 7C       		.byte	0x7c
 434 00fb 6B000000 		.4byte	0x6b
 435 00ff 02       		.byte	0x2
 436 0100 07       		.uleb128 0x7
 437 0101 8D010000 		.4byte	.LASF21
 438 0105 03       		.byte	0x3
 439 0106 7D       		.byte	0x7d
 440 0107 6B000000 		.4byte	0x6b
 441 010b 03       		.byte	0x3
 442 010c 07       		.uleb128 0x7
 443 010d 23020000 		.4byte	.LASF22
 444 0111 03       		.byte	0x3
 445 0112 7E       		.byte	0x7e
 446 0113 6B000000 		.4byte	0x6b
 447 0117 04       		.byte	0x4
 448 0118 07       		.uleb128 0x7
 449 0119 34000000 		.4byte	.LASF23
 450 011d 03       		.byte	0x3
 451 011e 7F       		.byte	0x7f
 452 011f 6B000000 		.4byte	0x6b
 453 0123 05       		.byte	0x5
 454 0124 00       		.byte	0
 455 0125 09       		.uleb128 0x9
 456 0126 2B020000 		.4byte	.LASF24
 457 012a 03       		.byte	0x3
 458 012b 89       		.byte	0x89
 459 012c D4000000 		.4byte	0xd4
 460 0130 0A       		.uleb128 0xa
ARM GAS  C:\Users\Matteo\AppData\Local\Temp\ccOVejhh.s 			page 14


 461 0131 B5010000 		.4byte	.LASF25
 462 0135 01       		.byte	0x1
 463 0136 31       		.byte	0x31
 464 0137 00000000 		.4byte	.LFB0
 465 013b 68000000 		.4byte	.LFE0-.LFB0
 466 013f 01       		.uleb128 0x1
 467 0140 9C       		.byte	0x9c
 468 0141 6E010000 		.4byte	0x16e
 469 0145 0B       		.uleb128 0xb
 470 0146 30000000 		.4byte	.LVL0
 471 014a 74020000 		.4byte	0x274
 472 014e 5E010000 		.4byte	0x15e
 473 0152 0C       		.uleb128 0xc
 474 0153 01       		.uleb128 0x1
 475 0154 50       		.byte	0x50
 476 0155 01       		.uleb128 0x1
 477 0156 3F       		.byte	0x3f
 478 0157 0C       		.uleb128 0xc
 479 0158 01       		.uleb128 0x1
 480 0159 51       		.byte	0x51
 481 015a 02       		.uleb128 0x2
 482 015b 74       		.byte	0x74
 483 015c 00       		.sleb128 0
 484 015d 00       		.byte	0
 485 015e 0D       		.uleb128 0xd
 486 015f 38000000 		.4byte	.LVL1
 487 0163 7F020000 		.4byte	0x27f
 488 0167 0C       		.uleb128 0xc
 489 0168 01       		.uleb128 0x1
 490 0169 50       		.byte	0x50
 491 016a 01       		.uleb128 0x1
 492 016b 3F       		.byte	0x3f
 493 016c 00       		.byte	0
 494 016d 00       		.byte	0
 495 016e 0A       		.uleb128 0xa
 496 016f 3C000000 		.4byte	.LASF26
 497 0173 01       		.byte	0x1
 498 0174 85       		.byte	0x85
 499 0175 00000000 		.4byte	.LFB1
 500 0179 24000000 		.4byte	.LFE1-.LFB1
 501 017d 01       		.uleb128 0x1
 502 017e 9C       		.byte	0x9c
 503 017f A5010000 		.4byte	0x1a5
 504 0183 0E       		.uleb128 0xe
 505 0184 D3010000 		.4byte	.LASF29
 506 0188 01       		.byte	0x1
 507 0189 88       		.byte	0x88
 508 018a 6B000000 		.4byte	0x6b
 509 018e 00000000 		.4byte	.LLST0
 510 0192 0F       		.uleb128 0xf
 511 0193 06000000 		.4byte	.LVL2
 512 0197 8A020000 		.4byte	0x28a
 513 019b 0F       		.uleb128 0xf
 514 019c 1E000000 		.4byte	.LVL3
 515 01a0 95020000 		.4byte	0x295
 516 01a4 00       		.byte	0
 517 01a5 0A       		.uleb128 0xa
ARM GAS  C:\Users\Matteo\AppData\Local\Temp\ccOVejhh.s 			page 15


 518 01a6 92010000 		.4byte	.LASF27
 519 01aa 01       		.byte	0x1
 520 01ab BD       		.byte	0xbd
 521 01ac 00000000 		.4byte	.LFB2
 522 01b0 28000000 		.4byte	.LFE2-.LFB2
 523 01b4 01       		.uleb128 0x1
 524 01b5 9C       		.byte	0x9c
 525 01b6 CD010000 		.4byte	0x1cd
 526 01ba 0F       		.uleb128 0xf
 527 01bb 0C000000 		.4byte	.LVL4
 528 01bf 30010000 		.4byte	0x130
 529 01c3 0F       		.uleb128 0xf
 530 01c4 16000000 		.4byte	.LVL5
 531 01c8 6E010000 		.4byte	0x16e
 532 01cc 00       		.byte	0
 533 01cd 0A       		.uleb128 0xa
 534 01ce 9D000000 		.4byte	.LASF28
 535 01d2 01       		.byte	0x1
 536 01d3 D9       		.byte	0xd9
 537 01d4 00000000 		.4byte	.LFB3
 538 01d8 B4000000 		.4byte	.LFE3-.LFB3
 539 01dc 01       		.uleb128 0x1
 540 01dd 9C       		.byte	0x9c
 541 01de 26020000 		.4byte	0x226
 542 01e2 10       		.uleb128 0x10
 543 01e3 0E000000 		.4byte	.LBB2
 544 01e7 6A000000 		.4byte	.LBE2-.LBB2
 545 01eb 0E       		.uleb128 0xe
 546 01ec D3010000 		.4byte	.LASF29
 547 01f0 01       		.byte	0x1
 548 01f1 E3       		.byte	0xe3
 549 01f2 6B000000 		.4byte	0x6b
 550 01f6 13000000 		.4byte	.LLST1
 551 01fa 0E       		.uleb128 0xe
 552 01fb 8C000000 		.4byte	.LASF30
 553 01ff 01       		.byte	0x1
 554 0200 E4       		.byte	0xe4
 555 0201 77000000 		.4byte	0x77
 556 0205 26000000 		.4byte	.LLST2
 557 0209 0F       		.uleb128 0xf
 558 020a 40000000 		.4byte	.LVL7
 559 020e A0020000 		.4byte	0x2a0
 560 0212 0F       		.uleb128 0xf
 561 0213 44000000 		.4byte	.LVL8
 562 0217 8A020000 		.4byte	0x28a
 563 021b 0F       		.uleb128 0xf
 564 021c 5C000000 		.4byte	.LVL9
 565 0220 95020000 		.4byte	0x295
 566 0224 00       		.byte	0
 567 0225 00       		.byte	0
 568 0226 11       		.uleb128 0x11
 569 0227 E9010000 		.4byte	.LASF31
 570 022b 01       		.byte	0x1
 571 022c 18       		.byte	0x18
 572 022d 6B000000 		.4byte	0x6b
 573 0231 05       		.uleb128 0x5
 574 0232 03       		.byte	0x3
ARM GAS  C:\Users\Matteo\AppData\Local\Temp\ccOVejhh.s 			page 16


 575 0233 00000000 		.4byte	I2C_Master_initVar
 576 0237 12       		.uleb128 0x12
 577 0238 A3010000 		.4byte	.LASF32
 578 023c 04       		.byte	0x4
 579 023d 21       		.byte	0x21
 580 023e 25010000 		.4byte	0x125
 581 0242 11       		.uleb128 0x11
 582 0243 14000000 		.4byte	.LASF33
 583 0247 01       		.byte	0x1
 584 0248 1A       		.byte	0x1a
 585 0249 B0000000 		.4byte	0xb0
 586 024d 05       		.uleb128 0x5
 587 024e 03       		.byte	0x3
 588 024f 00000000 		.4byte	I2C_Master_state
 589 0253 12       		.uleb128 0x12
 590 0254 AD000000 		.4byte	.LASF34
 591 0258 04       		.byte	0x4
 592 0259 27       		.byte	0x27
 593 025a B0000000 		.4byte	0xb0
 594 025e 12       		.uleb128 0x12
 595 025f 2B030000 		.4byte	.LASF35
 596 0263 04       		.byte	0x4
 597 0264 2D       		.byte	0x2d
 598 0265 B0000000 		.4byte	0xb0
 599 0269 12       		.uleb128 0x12
 600 026a C4020000 		.4byte	.LASF36
 601 026e 04       		.byte	0x4
 602 026f 32       		.byte	0x32
 603 0270 B0000000 		.4byte	0xb0
 604 0274 13       		.uleb128 0x13
 605 0275 12020000 		.4byte	.LASF37
 606 0279 12020000 		.4byte	.LASF37
 607 027d 05       		.byte	0x5
 608 027e 8B       		.byte	0x8b
 609 027f 13       		.uleb128 0x13
 610 0280 25000000 		.4byte	.LASF38
 611 0284 25000000 		.4byte	.LASF38
 612 0288 05       		.byte	0x5
 613 0289 88       		.byte	0x88
 614 028a 13       		.uleb128 0x13
 615 028b 44020000 		.4byte	.LASF39
 616 028f 44020000 		.4byte	.LASF39
 617 0293 05       		.byte	0x5
 618 0294 7D       		.byte	0x7d
 619 0295 13       		.uleb128 0x13
 620 0296 FC010000 		.4byte	.LASF40
 621 029a FC010000 		.4byte	.LASF40
 622 029e 05       		.byte	0x5
 623 029f 7E       		.byte	0x7e
 624 02a0 13       		.uleb128 0x13
 625 02a1 00000000 		.4byte	.LASF41
 626 02a5 00000000 		.4byte	.LASF41
 627 02a9 05       		.byte	0x5
 628 02aa 79       		.byte	0x79
 629 02ab 00       		.byte	0
 630              		.section	.debug_abbrev,"",%progbits
 631              	.Ldebug_abbrev0:
ARM GAS  C:\Users\Matteo\AppData\Local\Temp\ccOVejhh.s 			page 17


 632 0000 01       		.uleb128 0x1
 633 0001 11       		.uleb128 0x11
 634 0002 01       		.byte	0x1
 635 0003 25       		.uleb128 0x25
 636 0004 0E       		.uleb128 0xe
 637 0005 13       		.uleb128 0x13
 638 0006 0B       		.uleb128 0xb
 639 0007 03       		.uleb128 0x3
 640 0008 0E       		.uleb128 0xe
 641 0009 1B       		.uleb128 0x1b
 642 000a 0E       		.uleb128 0xe
 643 000b 55       		.uleb128 0x55
 644 000c 17       		.uleb128 0x17
 645 000d 11       		.uleb128 0x11
 646 000e 01       		.uleb128 0x1
 647 000f 10       		.uleb128 0x10
 648 0010 17       		.uleb128 0x17
 649 0011 00       		.byte	0
 650 0012 00       		.byte	0
 651 0013 02       		.uleb128 0x2
 652 0014 24       		.uleb128 0x24
 653 0015 00       		.byte	0
 654 0016 0B       		.uleb128 0xb
 655 0017 0B       		.uleb128 0xb
 656 0018 3E       		.uleb128 0x3e
 657 0019 0B       		.uleb128 0xb
 658 001a 03       		.uleb128 0x3
 659 001b 0E       		.uleb128 0xe
 660 001c 00       		.byte	0
 661 001d 00       		.byte	0
 662 001e 03       		.uleb128 0x3
 663 001f 24       		.uleb128 0x24
 664 0020 00       		.byte	0
 665 0021 0B       		.uleb128 0xb
 666 0022 0B       		.uleb128 0xb
 667 0023 3E       		.uleb128 0x3e
 668 0024 0B       		.uleb128 0xb
 669 0025 03       		.uleb128 0x3
 670 0026 08       		.uleb128 0x8
 671 0027 00       		.byte	0
 672 0028 00       		.byte	0
 673 0029 04       		.uleb128 0x4
 674 002a 16       		.uleb128 0x16
 675 002b 00       		.byte	0
 676 002c 03       		.uleb128 0x3
 677 002d 0E       		.uleb128 0xe
 678 002e 3A       		.uleb128 0x3a
 679 002f 0B       		.uleb128 0xb
 680 0030 3B       		.uleb128 0x3b
 681 0031 05       		.uleb128 0x5
 682 0032 49       		.uleb128 0x49
 683 0033 13       		.uleb128 0x13
 684 0034 00       		.byte	0
 685 0035 00       		.byte	0
 686 0036 05       		.uleb128 0x5
 687 0037 35       		.uleb128 0x35
 688 0038 00       		.byte	0
ARM GAS  C:\Users\Matteo\AppData\Local\Temp\ccOVejhh.s 			page 18


 689 0039 49       		.uleb128 0x49
 690 003a 13       		.uleb128 0x13
 691 003b 00       		.byte	0
 692 003c 00       		.byte	0
 693 003d 06       		.uleb128 0x6
 694 003e 13       		.uleb128 0x13
 695 003f 01       		.byte	0x1
 696 0040 0B       		.uleb128 0xb
 697 0041 0B       		.uleb128 0xb
 698 0042 3A       		.uleb128 0x3a
 699 0043 0B       		.uleb128 0xb
 700 0044 3B       		.uleb128 0x3b
 701 0045 0B       		.uleb128 0xb
 702 0046 01       		.uleb128 0x1
 703 0047 13       		.uleb128 0x13
 704 0048 00       		.byte	0
 705 0049 00       		.byte	0
 706 004a 07       		.uleb128 0x7
 707 004b 0D       		.uleb128 0xd
 708 004c 00       		.byte	0
 709 004d 03       		.uleb128 0x3
 710 004e 0E       		.uleb128 0xe
 711 004f 3A       		.uleb128 0x3a
 712 0050 0B       		.uleb128 0xb
 713 0051 3B       		.uleb128 0x3b
 714 0052 0B       		.uleb128 0xb
 715 0053 49       		.uleb128 0x49
 716 0054 13       		.uleb128 0x13
 717 0055 38       		.uleb128 0x38
 718 0056 0B       		.uleb128 0xb
 719 0057 00       		.byte	0
 720 0058 00       		.byte	0
 721 0059 08       		.uleb128 0x8
 722 005a 0D       		.uleb128 0xd
 723 005b 00       		.byte	0
 724 005c 03       		.uleb128 0x3
 725 005d 08       		.uleb128 0x8
 726 005e 3A       		.uleb128 0x3a
 727 005f 0B       		.uleb128 0xb
 728 0060 3B       		.uleb128 0x3b
 729 0061 0B       		.uleb128 0xb
 730 0062 49       		.uleb128 0x49
 731 0063 13       		.uleb128 0x13
 732 0064 38       		.uleb128 0x38
 733 0065 0B       		.uleb128 0xb
 734 0066 00       		.byte	0
 735 0067 00       		.byte	0
 736 0068 09       		.uleb128 0x9
 737 0069 16       		.uleb128 0x16
 738 006a 00       		.byte	0
 739 006b 03       		.uleb128 0x3
 740 006c 0E       		.uleb128 0xe
 741 006d 3A       		.uleb128 0x3a
 742 006e 0B       		.uleb128 0xb
 743 006f 3B       		.uleb128 0x3b
 744 0070 0B       		.uleb128 0xb
 745 0071 49       		.uleb128 0x49
ARM GAS  C:\Users\Matteo\AppData\Local\Temp\ccOVejhh.s 			page 19


 746 0072 13       		.uleb128 0x13
 747 0073 00       		.byte	0
 748 0074 00       		.byte	0
 749 0075 0A       		.uleb128 0xa
 750 0076 2E       		.uleb128 0x2e
 751 0077 01       		.byte	0x1
 752 0078 3F       		.uleb128 0x3f
 753 0079 19       		.uleb128 0x19
 754 007a 03       		.uleb128 0x3
 755 007b 0E       		.uleb128 0xe
 756 007c 3A       		.uleb128 0x3a
 757 007d 0B       		.uleb128 0xb
 758 007e 3B       		.uleb128 0x3b
 759 007f 0B       		.uleb128 0xb
 760 0080 27       		.uleb128 0x27
 761 0081 19       		.uleb128 0x19
 762 0082 11       		.uleb128 0x11
 763 0083 01       		.uleb128 0x1
 764 0084 12       		.uleb128 0x12
 765 0085 06       		.uleb128 0x6
 766 0086 40       		.uleb128 0x40
 767 0087 18       		.uleb128 0x18
 768 0088 9742     		.uleb128 0x2117
 769 008a 19       		.uleb128 0x19
 770 008b 01       		.uleb128 0x1
 771 008c 13       		.uleb128 0x13
 772 008d 00       		.byte	0
 773 008e 00       		.byte	0
 774 008f 0B       		.uleb128 0xb
 775 0090 898201   		.uleb128 0x4109
 776 0093 01       		.byte	0x1
 777 0094 11       		.uleb128 0x11
 778 0095 01       		.uleb128 0x1
 779 0096 31       		.uleb128 0x31
 780 0097 13       		.uleb128 0x13
 781 0098 01       		.uleb128 0x1
 782 0099 13       		.uleb128 0x13
 783 009a 00       		.byte	0
 784 009b 00       		.byte	0
 785 009c 0C       		.uleb128 0xc
 786 009d 8A8201   		.uleb128 0x410a
 787 00a0 00       		.byte	0
 788 00a1 02       		.uleb128 0x2
 789 00a2 18       		.uleb128 0x18
 790 00a3 9142     		.uleb128 0x2111
 791 00a5 18       		.uleb128 0x18
 792 00a6 00       		.byte	0
 793 00a7 00       		.byte	0
 794 00a8 0D       		.uleb128 0xd
 795 00a9 898201   		.uleb128 0x4109
 796 00ac 01       		.byte	0x1
 797 00ad 11       		.uleb128 0x11
 798 00ae 01       		.uleb128 0x1
 799 00af 31       		.uleb128 0x31
 800 00b0 13       		.uleb128 0x13
 801 00b1 00       		.byte	0
 802 00b2 00       		.byte	0
ARM GAS  C:\Users\Matteo\AppData\Local\Temp\ccOVejhh.s 			page 20


 803 00b3 0E       		.uleb128 0xe
 804 00b4 34       		.uleb128 0x34
 805 00b5 00       		.byte	0
 806 00b6 03       		.uleb128 0x3
 807 00b7 0E       		.uleb128 0xe
 808 00b8 3A       		.uleb128 0x3a
 809 00b9 0B       		.uleb128 0xb
 810 00ba 3B       		.uleb128 0x3b
 811 00bb 0B       		.uleb128 0xb
 812 00bc 49       		.uleb128 0x49
 813 00bd 13       		.uleb128 0x13
 814 00be 02       		.uleb128 0x2
 815 00bf 17       		.uleb128 0x17
 816 00c0 00       		.byte	0
 817 00c1 00       		.byte	0
 818 00c2 0F       		.uleb128 0xf
 819 00c3 898201   		.uleb128 0x4109
 820 00c6 00       		.byte	0
 821 00c7 11       		.uleb128 0x11
 822 00c8 01       		.uleb128 0x1
 823 00c9 31       		.uleb128 0x31
 824 00ca 13       		.uleb128 0x13
 825 00cb 00       		.byte	0
 826 00cc 00       		.byte	0
 827 00cd 10       		.uleb128 0x10
 828 00ce 0B       		.uleb128 0xb
 829 00cf 01       		.byte	0x1
 830 00d0 11       		.uleb128 0x11
 831 00d1 01       		.uleb128 0x1
 832 00d2 12       		.uleb128 0x12
 833 00d3 06       		.uleb128 0x6
 834 00d4 00       		.byte	0
 835 00d5 00       		.byte	0
 836 00d6 11       		.uleb128 0x11
 837 00d7 34       		.uleb128 0x34
 838 00d8 00       		.byte	0
 839 00d9 03       		.uleb128 0x3
 840 00da 0E       		.uleb128 0xe
 841 00db 3A       		.uleb128 0x3a
 842 00dc 0B       		.uleb128 0xb
 843 00dd 3B       		.uleb128 0x3b
 844 00de 0B       		.uleb128 0xb
 845 00df 49       		.uleb128 0x49
 846 00e0 13       		.uleb128 0x13
 847 00e1 3F       		.uleb128 0x3f
 848 00e2 19       		.uleb128 0x19
 849 00e3 02       		.uleb128 0x2
 850 00e4 18       		.uleb128 0x18
 851 00e5 00       		.byte	0
 852 00e6 00       		.byte	0
 853 00e7 12       		.uleb128 0x12
 854 00e8 34       		.uleb128 0x34
 855 00e9 00       		.byte	0
 856 00ea 03       		.uleb128 0x3
 857 00eb 0E       		.uleb128 0xe
 858 00ec 3A       		.uleb128 0x3a
 859 00ed 0B       		.uleb128 0xb
ARM GAS  C:\Users\Matteo\AppData\Local\Temp\ccOVejhh.s 			page 21


 860 00ee 3B       		.uleb128 0x3b
 861 00ef 0B       		.uleb128 0xb
 862 00f0 49       		.uleb128 0x49
 863 00f1 13       		.uleb128 0x13
 864 00f2 3F       		.uleb128 0x3f
 865 00f3 19       		.uleb128 0x19
 866 00f4 3C       		.uleb128 0x3c
 867 00f5 19       		.uleb128 0x19
 868 00f6 00       		.byte	0
 869 00f7 00       		.byte	0
 870 00f8 13       		.uleb128 0x13
 871 00f9 2E       		.uleb128 0x2e
 872 00fa 00       		.byte	0
 873 00fb 3F       		.uleb128 0x3f
 874 00fc 19       		.uleb128 0x19
 875 00fd 3C       		.uleb128 0x3c
 876 00fe 19       		.uleb128 0x19
 877 00ff 6E       		.uleb128 0x6e
 878 0100 0E       		.uleb128 0xe
 879 0101 03       		.uleb128 0x3
 880 0102 0E       		.uleb128 0xe
 881 0103 3A       		.uleb128 0x3a
 882 0104 0B       		.uleb128 0xb
 883 0105 3B       		.uleb128 0x3b
 884 0106 0B       		.uleb128 0xb
 885 0107 00       		.byte	0
 886 0108 00       		.byte	0
 887 0109 00       		.byte	0
 888              		.section	.debug_loc,"",%progbits
 889              	.Ldebug_loc0:
 890              	.LLST0:
 891 0000 06000000 		.4byte	.LVL2
 892 0004 1D000000 		.4byte	.LVL3-1
 893 0008 0100     		.2byte	0x1
 894 000a 50       		.byte	0x50
 895 000b 00000000 		.4byte	0
 896 000f 00000000 		.4byte	0
 897              	.LLST1:
 898 0013 44000000 		.4byte	.LVL8
 899 0017 5B000000 		.4byte	.LVL9-1
 900 001b 0100     		.2byte	0x1
 901 001d 50       		.byte	0x50
 902 001e 00000000 		.4byte	0
 903 0022 00000000 		.4byte	0
 904              	.LLST2:
 905 0026 30000000 		.4byte	.LVL6
 906 002a 3F000000 		.4byte	.LVL7-1
 907 002e 0100     		.2byte	0x1
 908 0030 50       		.byte	0x50
 909 0031 00000000 		.4byte	0
 910 0035 00000000 		.4byte	0
 911              		.section	.debug_aranges,"",%progbits
 912 0000 34000000 		.4byte	0x34
 913 0004 0200     		.2byte	0x2
 914 0006 00000000 		.4byte	.Ldebug_info0
 915 000a 04       		.byte	0x4
 916 000b 00       		.byte	0
ARM GAS  C:\Users\Matteo\AppData\Local\Temp\ccOVejhh.s 			page 22


 917 000c 0000     		.2byte	0
 918 000e 0000     		.2byte	0
 919 0010 00000000 		.4byte	.LFB0
 920 0014 68000000 		.4byte	.LFE0-.LFB0
 921 0018 00000000 		.4byte	.LFB1
 922 001c 24000000 		.4byte	.LFE1-.LFB1
 923 0020 00000000 		.4byte	.LFB2
 924 0024 28000000 		.4byte	.LFE2-.LFB2
 925 0028 00000000 		.4byte	.LFB3
 926 002c B4000000 		.4byte	.LFE3-.LFB3
 927 0030 00000000 		.4byte	0
 928 0034 00000000 		.4byte	0
 929              		.section	.debug_ranges,"",%progbits
 930              	.Ldebug_ranges0:
 931 0000 00000000 		.4byte	.LFB0
 932 0004 68000000 		.4byte	.LFE0
 933 0008 00000000 		.4byte	.LFB1
 934 000c 24000000 		.4byte	.LFE1
 935 0010 00000000 		.4byte	.LFB2
 936 0014 28000000 		.4byte	.LFE2
 937 0018 00000000 		.4byte	.LFB3
 938 001c B4000000 		.4byte	.LFE3
 939 0020 00000000 		.4byte	0
 940 0024 00000000 		.4byte	0
 941              		.section	.debug_line,"",%progbits
 942              	.Ldebug_line0:
 943 0000 EA000000 		.section	.debug_str,"MS",%progbits,1
 943      02007600 
 943      00000201 
 943      FB0E0D00 
 943      01010101 
 944              	.LASF41:
 945 0000 43794465 		.ascii	"CyDelayCycles\000"
 945      6C617943 
 945      79636C65 
 945      7300
 946              	.LASF16:
 947 000e 72656733 		.ascii	"reg32\000"
 947      3200
 948              	.LASF33:
 949 0014 4932435F 		.ascii	"I2C_Master_state\000"
 949      4D617374 
 949      65725F73 
 949      74617465 
 949      00
 950              	.LASF38:
 951 0025 4379496E 		.ascii	"CyIntSetVector\000"
 951      74536574 
 951      56656374 
 951      6F7200
 952              	.LASF23:
 953 0034 636C6B44 		.ascii	"clkDiv2\000"
 953      69763200 
 954              	.LASF26:
 955 003c 4932435F 		.ascii	"I2C_Master_Enable\000"
 955      4D617374 
 955      65725F45 
ARM GAS  C:\Users\Matteo\AppData\Local\Temp\ccOVejhh.s 			page 23


 955      6E61626C 
 955      6500
 956              	.LASF3:
 957 004e 73686F72 		.ascii	"short unsigned int\000"
 957      7420756E 
 957      7369676E 
 957      65642069 
 957      6E7400
 958              	.LASF43:
 959 0061 47656E65 		.ascii	"Generated_Source\\PSoC5\\I2C_Master.c\000"
 959      72617465 
 959      645F536F 
 959      75726365 
 959      5C50536F 
 960              	.LASF13:
 961 0085 646F7562 		.ascii	"double\000"
 961      6C6500
 962              	.LASF30:
 963 008c 626C6F63 		.ascii	"blockResetCycles\000"
 963      6B526573 
 963      65744379 
 963      636C6573 
 963      00
 964              	.LASF28:
 965 009d 4932435F 		.ascii	"I2C_Master_Stop\000"
 965      4D617374 
 965      65725F53 
 965      746F7000 
 966              	.LASF34:
 967 00ad 4932435F 		.ascii	"I2C_Master_mstrStatus\000"
 967      4D617374 
 967      65725F6D 
 967      73747253 
 967      74617475 
 968              	.LASF7:
 969 00c3 6C6F6E67 		.ascii	"long long unsigned int\000"
 969      206C6F6E 
 969      6720756E 
 969      7369676E 
 969      65642069 
 970              	.LASF1:
 971 00da 756E7369 		.ascii	"unsigned char\000"
 971      676E6564 
 971      20636861 
 971      7200
 972              	.LASF42:
 973 00e8 474E5520 		.ascii	"GNU C11 5.4.1 20160609 (release) [ARM/embedded-5-br"
 973      43313120 
 973      352E342E 
 973      31203230 
 973      31363036 
 974 011b 616E6368 		.ascii	"anch revision 237715] -mcpu=cortex-m3 -mthumb -g -O"
 974      20726576 
 974      6973696F 
 974      6E203233 
 974      37373135 
 975 014e 67202D66 		.ascii	"g -ffunction-sections -ffat-lto-objects\000"
ARM GAS  C:\Users\Matteo\AppData\Local\Temp\ccOVejhh.s 			page 24


 975      66756E63 
 975      74696F6E 
 975      2D736563 
 975      74696F6E 
 976              	.LASF15:
 977 0176 72656738 		.ascii	"reg8\000"
 977      00
 978              	.LASF5:
 979 017b 6C6F6E67 		.ascii	"long unsigned int\000"
 979      20756E73 
 979      69676E65 
 979      6420696E 
 979      7400
 980              	.LASF21:
 981 018d 61646472 		.ascii	"addr\000"
 981      00
 982              	.LASF27:
 983 0192 4932435F 		.ascii	"I2C_Master_Start\000"
 983      4D617374 
 983      65725F53 
 983      74617274 
 983      00
 984              	.LASF32:
 985 01a3 4932435F 		.ascii	"I2C_Master_backup\000"
 985      4D617374 
 985      65725F62 
 985      61636B75 
 985      7000
 986              	.LASF25:
 987 01b5 4932435F 		.ascii	"I2C_Master_Init\000"
 987      4D617374 
 987      65725F49 
 987      6E697400 
 988              	.LASF10:
 989 01c5 75696E74 		.ascii	"uint16\000"
 989      313600
 990              	.LASF11:
 991 01cc 75696E74 		.ascii	"uint32\000"
 991      333200
 992              	.LASF29:
 993 01d3 696E7453 		.ascii	"intState\000"
 993      74617465 
 993      00
 994              	.LASF8:
 995 01dc 756E7369 		.ascii	"unsigned int\000"
 995      676E6564 
 995      20696E74 
 995      00
 996              	.LASF31:
 997 01e9 4932435F 		.ascii	"I2C_Master_initVar\000"
 997      4D617374 
 997      65725F69 
 997      6E697456 
 997      617200
 998              	.LASF40:
 999 01fc 43794578 		.ascii	"CyExitCriticalSection\000"
 999      69744372 
ARM GAS  C:\Users\Matteo\AppData\Local\Temp\ccOVejhh.s 			page 25


 999      69746963 
 999      616C5365 
 999      6374696F 
 1000              	.LASF37:
 1001 0212 4379496E 		.ascii	"CyIntSetPriority\000"
 1001      74536574 
 1001      5072696F 
 1001      72697479 
 1001      00
 1002              	.LASF22:
 1003 0223 636C6B44 		.ascii	"clkDiv1\000"
 1003      69763100 
 1004              	.LASF24:
 1005 022b 4932435F 		.ascii	"I2C_Master_BACKUP_STRUCT\000"
 1005      4D617374 
 1005      65725F42 
 1005      41434B55 
 1005      505F5354 
 1006              	.LASF39:
 1007 0244 4379456E 		.ascii	"CyEnterCriticalSection\000"
 1007      74657243 
 1007      72697469 
 1007      63616C53 
 1007      65637469 
 1008              	.LASF44:
 1009 025b 433A5C55 		.ascii	"C:\\Users\\Matteo\\Desktop\\New folder\\AY2324_I_Pr"
 1009      73657273 
 1009      5C4D6174 
 1009      74656F5C 
 1009      4465736B 
 1010 0289 6F6A6563 		.ascii	"oject-6\\PSoC_Code\\Stream mode.cydsn\000"
 1010      742D365C 
 1010      50536F43 
 1010      5F436F64 
 1010      655C5374 
 1011              	.LASF18:
 1012 02ad 73697A65 		.ascii	"sizetype\000"
 1012      74797065 
 1012      00
 1013              	.LASF6:
 1014 02b6 6C6F6E67 		.ascii	"long long int\000"
 1014      206C6F6E 
 1014      6720696E 
 1014      7400
 1015              	.LASF36:
 1016 02c4 4932435F 		.ascii	"I2C_Master_mstrWrBufIndex\000"
 1016      4D617374 
 1016      65725F6D 
 1016      73747257 
 1016      72427566 
 1017              	.LASF14:
 1018 02de 63686172 		.ascii	"char\000"
 1018      00
 1019              	.LASF20:
 1020 02e3 78636667 		.ascii	"xcfg\000"
 1020      00
 1021              	.LASF2:
ARM GAS  C:\Users\Matteo\AppData\Local\Temp\ccOVejhh.s 			page 26


 1022 02e8 73686F72 		.ascii	"short int\000"
 1022      7420696E 
 1022      7400
 1023              	.LASF9:
 1024 02f2 75696E74 		.ascii	"uint8\000"
 1024      3800
 1025              	.LASF4:
 1026 02f8 6C6F6E67 		.ascii	"long int\000"
 1026      20696E74 
 1026      00
 1027              	.LASF19:
 1028 0301 656E6162 		.ascii	"enableState\000"
 1028      6C655374 
 1028      61746500 
 1029              	.LASF17:
 1030 030d 6C6F6E67 		.ascii	"long double\000"
 1030      20646F75 
 1030      626C6500 
 1031              	.LASF12:
 1032 0319 666C6F61 		.ascii	"float\000"
 1032      7400
 1033              	.LASF0:
 1034 031f 7369676E 		.ascii	"signed char\000"
 1034      65642063 
 1034      68617200 
 1035              	.LASF35:
 1036 032b 4932435F 		.ascii	"I2C_Master_mstrRdBufIndex\000"
 1036      4D617374 
 1036      65725F6D 
 1036      73747252 
 1036      64427566 
 1037              		.ident	"GCC: (GNU Tools for ARM Embedded Processors) 5.4.1 20160609 (release) [ARM/embedded-5-bran
